[20:56:44] [Server thread/INFO]: Starting minecraft server version 1.8.8
[20:56:44] [Server thread/INFO]: Loading properties
[20:56:44] [Server thread/INFO]: Default game type: SURVIVAL
[20:56:44] [Server thread/INFO]: This server is running CraftBukkit version git-PaperSpigot-"4c7641d" (MC: 1.8.8) (Implementing API version 1.8.8-R0.1-SNAPSHOT)
[20:56:44] [Server thread/INFO]: Spigot Timings: true - Verbose: true - Interval: 5m - Length: 60m
[20:56:44] [Server thread/INFO]: Server Ping Player Sample Count: 12
[20:56:44] [Server thread/INFO]: Using 4 threads for Netty based IO
[20:56:44] [Server thread/INFO]: Debug logging is disabled
[20:56:44] [Server thread/INFO]: Data value allowed items: 
[20:56:44] [Server thread/INFO]: Generating keypair
[20:56:44] [Server thread/INFO]: Starting Minecraft server on 104.194.2.206:25643
[20:56:44] [Server thread/INFO]: Using epoll channel type
[20:56:44] [Server thread/ERROR]: Ambiguous plugin name `ViaVersion' for files `plugins/ViaVersion-4.1.1.jar' and `plugins/ViaVersion-4.0.1.jar' in `plugins'
[20:56:44] [Server thread/INFO]: Set PluginClassLoader as parallel capable
[20:56:45] [Server thread/INFO]: [VoidGen] Loading VoidGen v2.0
[20:56:45] [Server thread/INFO]: [PlaceholderAPI] Loading PlaceholderAPI v2.10.10
[20:56:45] [Server thread/INFO]: [LaggRemover] Loading LaggRemover v2.0.6
[20:56:45] [Server thread/INFO]: [Multiverse-Core] Loading Multiverse-Core v2.5-b699
[20:56:45] [Server thread/INFO]: [TheBridge] Loading TheBridge v1.1.4-dev6
[20:56:45] [Server thread/INFO]: [FastAsyncWorldEdit] Loading FastAsyncWorldEdit v21.03.26-b67f782-1287-22.3.10
[20:56:45] [Server thread/INFO]: [DeluxeTags] Loading DeluxeTags v1.8.1
[20:56:45] [Server thread/INFO]: [Multiverse-Inventories] Loading Multiverse-Inventories v2.5-b335
[20:56:45] [Server thread/INFO]: [ViaVersion] Loading ViaVersion v4.1.1
[20:56:45] [Server thread/INFO]: [ViaVersion] ViaVersion 4.1.1 is now loaded, injecting!
[20:56:45] [Via-Mappingloader-0/INFO]: [ViaVersion] Loading 1.12 -> 1.13 mappings...
[20:56:45] [Via-Mappingloader-1/INFO]: [ViaVersion] Loading 1.13 -> 1.13.2 mappings...
[20:56:45] [Via-Mappingloader-2/INFO]: [ViaVersion] Loading 1.13.2 -> 1.14 mappings...
[20:56:45] [Via-Mappingloader-3/INFO]: [ViaVersion] Loading 1.14 -> 1.15 mappings...
[20:56:45] [Via-Mappingloader-4/INFO]: [ViaVersion] Loading 1.15 -> 1.16 mappings...
[20:56:45] [Via-Mappingloader-5/INFO]: [ViaVersion] Loading 1.16 -> 1.16.2 mappings...
[20:56:45] [Via-Mappingloader-6/INFO]: [ViaVersion] Loading 1.16.2 -> 1.17 mappings...
[20:56:45] [Server thread/INFO]: [LuckPerms] Loading LuckPerms v5.3.67
[20:56:45] [Via-Mappingloader-7/INFO]: [ViaVersion] Loading 1.17 -> 1.18 mappings...
[20:56:46] [Via-Mappingloader-0/INFO]: [ViaVersion] Loading block connection mappings ...
[20:56:46] [Server thread/INFO]: [WorldEdit] Loading WorldEdit v6.1.7;dd00bb1
[20:56:46] [Server thread/INFO]: [VoidTeleport] Loading VoidTeleport v2.3.7
[20:56:46] [Server thread/INFO]: [WorldGuard] Loading WorldGuard v6.1.3-SNAPSHOT;c904242
[20:56:46] [Server thread/INFO]: [ProtocolLib] Loading ProtocolLib v4.7.0
[20:56:47] [Server thread/INFO]: [Vault] Loading Vault v1.7.3-b131
[20:56:47] [Server thread/INFO]: [ServerListPlus] Loading ServerListPlus v3.4.8
[20:56:47] [Server thread/INFO]: [Essentials] Loading Essentials v2.19.0
[20:56:47] [Server thread/INFO]: [GadgetsMenu] Loading GadgetsMenu v4.5.4
[20:56:47] [Server thread/INFO]: [HolographicDisplays] Loading HolographicDisplays v2.4.9
[20:56:47] [Server thread/INFO]: [Citizens] Loading Citizens v2.0.28-SNAPSHOT (build 2398)
[20:56:47] [Server thread/INFO]: [BossShopPro] Loading BossShopPro v1.9.8
[20:56:47] [Server thread/INFO]: [EssentialsChat] Loading EssentialsChat v2.19.0
[20:56:47] [Server thread/INFO]: [HolographicPlaceholders] Loading HolographicPlaceholders v2.1.2 Stable
[20:56:47] [Server thread/INFO]: [TAB] Loading TAB v2.9.2
[20:56:47] [Server thread/INFO]: [ItemJoin] Loading ItemJoin v5.2.2-RELEASE-b734
[20:56:47] [Server thread/INFO]: [EssentialsSpawn] Loading EssentialsSpawn v2.19.0
[20:56:47] [Server thread/INFO]: [CrateReloaded] Loading CrateReloaded v2.0.24
[20:56:47] [Server thread/INFO]: [VoidGen] Enabling VoidGen v2.0
[20:56:47] [Server thread/INFO]: [VoidGen] Using VoidChunkGen: v1_8_8
[20:56:47] [Server thread/INFO]: [FastAsyncWorldEdit] Enabling FastAsyncWorldEdit v21.03.26-b67f782-1287-22.3.10
[20:56:47] [Server thread/INFO]: [LuckPerms] Enabling LuckPerms v5.3.67
[20:56:47] [Server thread/INFO]:         __    
[20:56:47] [Server thread/INFO]:   |    |__)   LuckPerms v5.3.67
[20:56:47] [Server thread/INFO]:   |___ |      Running on Bukkit - CraftBukkit
[20:56:47] [Server thread/INFO]: [LuckPerms] Loading configuration...
[20:56:47] [Server thread/INFO]: [LuckPerms] Loading storage provider... [H2]
[20:56:48] [Server thread/INFO]: [LuckPerms] Loading internal permission managers...
[20:56:48] [Server thread/INFO]: [LuckPerms] Performing initial data load...
[20:56:48] [Server thread/INFO]: [LuckPerms] Successfully enabled. (took 1130ms)
[20:56:48] [Server thread/INFO]: [ProtocolLib] Enabling ProtocolLib v4.7.0
[20:56:48] [Server thread/INFO]: [ProtocolLib] Started structure compiler thread.
[20:56:48] [Server thread/INFO]: [Vault] Enabling Vault v1.7.3-b131
[20:56:48] [Server thread/INFO]: [Vault] [Economy] Essentials Economy found: Waiting
[20:56:48] [Server thread/INFO]: [Vault] [Permission] SuperPermissions loaded as backup permission system.
[20:56:48] [Server thread/INFO]: [Vault] Enabled Version 1.7.3-b131
[20:56:48] [Server thread/INFO]: [LuckPerms] Registered Vault permission & chat hook.
[20:56:48] [Server thread/INFO]: [ItemJoin] Enabling ItemJoin v5.2.2-RELEASE-b734
[20:56:48] [Server thread/INFO]: **** Beginning UUID conversion, this may take A LONG time ****
[20:56:48] [Server thread/INFO]: Preparing level "thebridge_world"
[20:56:48] [Server thread/INFO]: [VoidGen] Generator settings have not been set. Using default values:
[20:56:48] [Server thread/INFO]: [VoidGen] {"caves":false,"decoration":false,"mobs":false,"structures":false}
[20:56:48] [Server thread/INFO]: -------- World Settings For [thebridge_world] --------
[20:56:48] [Server thread/INFO]: Mob Spawn Range: 4
[20:56:48] [Server thread/INFO]: Anti X-Ray: true
[20:56:48] [Server thread/INFO]: 	Engine Mode: 1
[20:56:48] [Server thread/INFO]: 	Hidden Blocks: [14, 15, 16, 21, 48, 49, 54, 56, 73, 74, 82, 129, 130]
[20:56:48] [Server thread/INFO]: 	Replace Blocks: [1, 5]
[20:56:48] [Server thread/INFO]: Nerfing mobs spawned from spawners: false
[20:56:48] [Server thread/INFO]: Cactus Growth Modifier: 100%
[20:56:48] [Server thread/INFO]: Cane Growth Modifier: 100%
[20:56:48] [Server thread/INFO]: Melon Growth Modifier: 100%
[20:56:48] [Server thread/INFO]: Mushroom Growth Modifier: 100%
[20:56:48] [Server thread/INFO]: Pumpkin Growth Modifier: 100%
[20:56:48] [Server thread/INFO]: Sapling Growth Modifier: 100%
[20:56:48] [Server thread/INFO]: Wheat Growth Modifier: 100%
[20:56:48] [Server thread/INFO]: NetherWart Growth Modifier: 100%
[20:56:48] [Server thread/INFO]: Entity Activation Range: An 32 / Mo 32 / Mi 16
[20:56:48] [Server thread/INFO]: Entity Tracking Range: Pl 48 / An 48 / Mo 48 / Mi 32 / Other 64
[20:56:48] [Server thread/INFO]: Hopper Transfer: 8 Hopper Check: 8 Hopper Amount: 1
[20:56:48] [Server thread/INFO]: Random Lighting Updates: false
[20:56:48] [Server thread/INFO]: Structure Info Saving: true
[20:56:48] [Server thread/INFO]: Sending up to 10 chunks per packet
[20:56:48] [Server thread/INFO]: Max Entity Collisions: 8
[20:56:48] [Server thread/INFO]: Custom Map Seeds:  Village: 10387312 Feature: 14357617
[20:56:48] [Server thread/INFO]: Max TNT Explosions: 100
[20:56:48] [Server thread/INFO]: Tile Max Tick Time: 50ms Entity max Tick Time: 50ms
[20:56:48] [Server thread/INFO]: Item Despawn Rate: 6000
[20:56:48] [Server thread/INFO]: Item Merge Radius: 2.5
[20:56:48] [Server thread/INFO]: Arrow Despawn Rate: 1200
[20:56:48] [Server thread/INFO]: Allow Zombie Pigmen to spawn from portal blocks: true
[20:56:48] [Server thread/INFO]: View Distance: 10
[20:56:48] [Server thread/INFO]: Zombie Aggressive Towards Villager: true
[20:56:48] [Server thread/INFO]: Chunks to Grow per Tick: 650
[20:56:48] [Server thread/INFO]: Clear tick list: false
[20:56:48] [Server thread/INFO]: Experience Merge Radius: 3.0
[20:56:48] [Server thread/INFO]: -------- World Settings For [thebridge_world] --------
[20:56:48] [Server thread/INFO]: Remove invalid mob spawner tile entities: true
[20:56:48] [Server thread/INFO]: Squids will spawn between Y: 45.0 and Y: 63.0
[20:56:48] [Server thread/INFO]: Player blocking damage multiplier set to 0.5
[20:56:48] [Server thread/INFO]: Max height for cactus growth 3. Max height for reed growth 3
[20:56:48] [Server thread/INFO]: Living Entity Despawn Ranges:  Soft: 32 Hard: 128
[20:56:48] [Server thread/INFO]: Water over lava flow speed: 5
[20:56:48] [Server thread/INFO]: Fix TNT cannons: false
[20:56:48] [Server thread/INFO]: Allow undead horse types to be leashed: false
[20:56:48] [Server thread/INFO]: Keep spawn chunk loaded: true
[20:56:48] [Server thread/INFO]: WorldServer TickNextTick cap set at 10000
[20:56:48] [Server thread/INFO]: WorldServer TickNextTickList cap always processes redstone: false
[20:56:48] [Server thread/INFO]: World async lighting: false
[20:56:48] [Server thread/INFO]: Preparing start region for level 0 (Seed: -5455082794739284152)
[20:56:49] [Server thread/INFO]: [PlaceholderAPI] Enabling PlaceholderAPI v2.10.10
[20:56:49] [Server thread/INFO]: [PlaceholderAPI] Fetching available expansion information...
[20:56:49] [Server thread/INFO]: [LaggRemover] Enabling LaggRemover v2.0.6
[20:56:49] [Server thread/INFO]: 
    __                      ____                                         _    _____
   / /   ____ _____ _____ _/ __ \___  ____ ___  ____ _   _____  _____   | |  / /__ \
  / /   / __ `/ __ `/ __ `/ /_/ / _ \/ __ `__ \/ __ \ | / / _ \/ ___/   | | / /__/ /
 / /___/ /_/ / /_/ / /_/ / _, _/  __/ / / / / / /_/ / |/ /  __/ /       | |/ // __/
/_____/\__,_/\__, /\__, /_/ |_|\___/_/ /_/ /_/\____/|___/\___/_/        |___//____/
            /____//____/

[20:56:49] [Server thread/INFO]: [LaggRemover] Loaded 0 module(s)
[20:56:49] [Server thread/INFO]: [LaggRemover] The LaggRemover AI is now active!
[20:56:49] [Server thread/INFO]: [LaggRemover] LaggRemover has been enabled!
[20:56:49] [Server thread/INFO]: [Multiverse-Core] Enabling Multiverse-Core v2.5-b699
[20:56:49] [Server thread/INFO]: -------- World Settings For [TB-Forest] --------
[20:56:49] [Server thread/INFO]: Mob Spawn Range: 4
[20:56:49] [Server thread/INFO]: Anti X-Ray: true
[20:56:49] [Server thread/INFO]: 	Engine Mode: 1
[20:56:49] [Server thread/INFO]: 	Hidden Blocks: [14, 15, 16, 21, 48, 49, 54, 56, 73, 74, 82, 129, 130]
[20:56:49] [Server thread/INFO]: 	Replace Blocks: [1, 5]
[20:56:49] [Server thread/INFO]: Nerfing mobs spawned from spawners: false
[20:56:49] [Server thread/INFO]: Cactus Growth Modifier: 100%
[20:56:49] [Server thread/INFO]: Cane Growth Modifier: 100%
[20:56:49] [Server thread/INFO]: Melon Growth Modifier: 100%
[20:56:49] [Server thread/INFO]: Mushroom Growth Modifier: 100%
[20:56:49] [Server thread/INFO]: Pumpkin Growth Modifier: 100%
[20:56:49] [Server thread/INFO]: Sapling Growth Modifier: 100%
[20:56:49] [Server thread/INFO]: Wheat Growth Modifier: 100%
[20:56:49] [Server thread/INFO]: NetherWart Growth Modifier: 100%
[20:56:49] [Server thread/INFO]: Entity Activation Range: An 32 / Mo 32 / Mi 16
[20:56:49] [Server thread/INFO]: Entity Tracking Range: Pl 48 / An 48 / Mo 48 / Mi 32 / Other 64
[20:56:49] [Server thread/INFO]: Hopper Transfer: 8 Hopper Check: 8 Hopper Amount: 1
[20:56:49] [Server thread/INFO]: Random Lighting Updates: false
[20:56:49] [Server thread/INFO]: Structure Info Saving: true
[20:56:49] [Server thread/INFO]: Sending up to 10 chunks per packet
[20:56:49] [Server thread/INFO]: Max Entity Collisions: 8
[20:56:49] [Server thread/INFO]: Custom Map Seeds:  Village: 10387312 Feature: 14357617
[20:56:49] [Server thread/INFO]: Max TNT Explosions: 100
[20:56:49] [Server thread/INFO]: Tile Max Tick Time: 50ms Entity max Tick Time: 50ms
[20:56:49] [Server thread/INFO]: Item Despawn Rate: 6000
[20:56:49] [Server thread/INFO]: Item Merge Radius: 2.5
[20:56:49] [Server thread/INFO]: Arrow Despawn Rate: 1200
[20:56:49] [Server thread/INFO]: Allow Zombie Pigmen to spawn from portal blocks: true
[20:56:49] [Server thread/INFO]: View Distance: 10
[20:56:49] [Server thread/INFO]: Zombie Aggressive Towards Villager: true
[20:56:49] [Server thread/INFO]: Chunks to Grow per Tick: 650
[20:56:49] [Server thread/INFO]: Clear tick list: false
[20:56:49] [Server thread/INFO]: Experience Merge Radius: 3.0
[20:56:49] [Server thread/INFO]: -------- World Settings For [TB-Forest] --------
[20:56:49] [Server thread/INFO]: Remove invalid mob spawner tile entities: true
[20:56:49] [Server thread/INFO]: Squids will spawn between Y: 45.0 and Y: 63.0
[20:56:49] [Server thread/INFO]: Player blocking damage multiplier set to 0.5
[20:56:49] [Server thread/INFO]: Max height for cactus growth 3. Max height for reed growth 3
[20:56:49] [Server thread/INFO]: Living Entity Despawn Ranges:  Soft: 32 Hard: 128
[20:56:49] [Server thread/INFO]: Water over lava flow speed: 5
[20:56:49] [Server thread/INFO]: Fix TNT cannons: false
[20:56:49] [Server thread/INFO]: Allow undead horse types to be leashed: false
[20:56:49] [Server thread/INFO]: Keep spawn chunk loaded: true
[20:56:49] [Server thread/INFO]: WorldServer TickNextTick cap set at 10000
[20:56:49] [Server thread/INFO]: WorldServer TickNextTickList cap always processes redstone: false
[20:56:49] [Server thread/INFO]: World async lighting: false
[20:56:49] [Server thread/INFO]: Preparing start region for level 1 (Seed: -5477503316462151456)
[20:56:49] [Server thread/INFO]: [VoidGen] Generator settings have not been set. Using default values:
[20:56:49] [Server thread/INFO]: [VoidGen] {"caves":false,"decoration":false,"mobs":false,"structures":false}
[20:56:49] [Server thread/INFO]: -------- World Settings For [arenas_world] --------
[20:56:49] [Server thread/INFO]: Mob Spawn Range: 4
[20:56:49] [Server thread/INFO]: Anti X-Ray: true
[20:56:49] [Server thread/INFO]: 	Engine Mode: 1
[20:56:49] [Server thread/INFO]: 	Hidden Blocks: [14, 15, 16, 21, 48, 49, 54, 56, 73, 74, 82, 129, 130]
[20:56:49] [Server thread/INFO]: 	Replace Blocks: [1, 5]
[20:56:49] [Server thread/INFO]: Nerfing mobs spawned from spawners: false
[20:56:49] [Server thread/INFO]: Cactus Growth Modifier: 100%
[20:56:49] [Server thread/INFO]: Cane Growth Modifier: 100%
[20:56:49] [Server thread/INFO]: Melon Growth Modifier: 100%
[20:56:49] [Server thread/INFO]: Mushroom Growth Modifier: 100%
[20:56:49] [Server thread/INFO]: Pumpkin Growth Modifier: 100%
[20:56:49] [Server thread/INFO]: Sapling Growth Modifier: 100%
[20:56:49] [Server thread/INFO]: Wheat Growth Modifier: 100%
[20:56:49] [Server thread/INFO]: NetherWart Growth Modifier: 100%
[20:56:49] [Server thread/INFO]: Entity Activation Range: An 32 / Mo 32 / Mi 16
[20:56:49] [Server thread/INFO]: Entity Tracking Range: Pl 48 / An 48 / Mo 48 / Mi 32 / Other 64
[20:56:49] [Server thread/INFO]: Hopper Transfer: 8 Hopper Check: 8 Hopper Amount: 1
[20:56:49] [Server thread/INFO]: Random Lighting Updates: false
[20:56:49] [Server thread/INFO]: Structure Info Saving: true
[20:56:49] [Server thread/INFO]: Sending up to 10 chunks per packet
[20:56:49] [Server thread/INFO]: Max Entity Collisions: 8
[20:56:49] [Server thread/INFO]: Custom Map Seeds:  Village: 10387312 Feature: 14357617
[20:56:49] [Server thread/INFO]: Max TNT Explosions: 100
[20:56:49] [Server thread/INFO]: Tile Max Tick Time: 50ms Entity max Tick Time: 50ms
[20:56:49] [Server thread/INFO]: Item Despawn Rate: 6000
[20:56:49] [Server thread/INFO]: Item Merge Radius: 2.5
[20:56:49] [Server thread/INFO]: Arrow Despawn Rate: 1200
[20:56:49] [Server thread/INFO]: Allow Zombie Pigmen to spawn from portal blocks: true
[20:56:49] [Server thread/INFO]: View Distance: 10
[20:56:49] [Server thread/INFO]: Zombie Aggressive Towards Villager: true
[20:56:49] [Server thread/INFO]: Chunks to Grow per Tick: 650
[20:56:49] [Server thread/INFO]: Clear tick list: false
[20:56:49] [Server thread/INFO]: Experience Merge Radius: 3.0
[20:56:49] [Server thread/INFO]: -------- World Settings For [arenas_world] --------
[20:56:49] [Server thread/INFO]: Remove invalid mob spawner tile entities: true
[20:56:49] [Server thread/INFO]: Squids will spawn between Y: 45.0 and Y: 63.0
[20:56:49] [Server thread/INFO]: Player blocking damage multiplier set to 0.5
[20:56:49] [Server thread/INFO]: Max height for cactus growth 3. Max height for reed growth 3
[20:56:49] [Server thread/INFO]: Living Entity Despawn Ranges:  Soft: 32 Hard: 128
[20:56:49] [Server thread/INFO]: Water over lava flow speed: 5
[20:56:49] [Server thread/INFO]: Fix TNT cannons: false
[20:56:49] [Server thread/INFO]: Allow undead horse types to be leashed: false
[20:56:49] [Server thread/INFO]: Keep spawn chunk loaded: true
[20:56:49] [Server thread/INFO]: WorldServer TickNextTick cap set at 10000
[20:56:49] [Server thread/INFO]: WorldServer TickNextTickList cap always processes redstone: false
[20:56:49] [Server thread/INFO]: World async lighting: false
[20:56:49] [Server thread/INFO]: Preparing start region for level 2 (Seed: -4216530450634206070)
[20:56:49] [Server thread/INFO]: [Multiverse-Core] 3 - World(s) loaded.
[20:56:49] [Server thread/INFO]: [Multiverse-Core] Version 2.5-b699 (API v19) Enabled - By Rigby, fernferret, lithium3141 and main--
[20:56:49] [Server thread/INFO]: [TheBridge] Enabling TheBridge v1.1.4-dev6
[20:56:49] [Server thread/INFO]: [TheBridge] Connecting to services, please wait! Server may freeze a bit!
[20:56:50] [Server thread/INFO]: [TheBridge] Hooked with ServiceRegistry! Initialized services properly!
[20:56:50] [Server thread/INFO]: [TheBridge] Fetched latest localization file from repository.
[20:56:50] [Server thread/INFO]: [The Bridge] Loaded locale English (English ID: en_GB) by Tigerpanzer_02
[20:56:51] [Server thread/INFO]: [The Bridge] Locale en_GB is latest! Awesome!
[20:56:51] [Server thread/INFO]: [PlaceholderAPI] Successfully registered expansion: TheBridge
[20:56:51] [Server thread/INFO]: [The Bridge] Arena Forest instance successfully started!
[20:56:51] [Server thread/INFO]: [The Bridge] Arena Festival instance successfully started!
[20:56:51] [Server thread/INFO]: [The Bridge] Arena Temple instance successfully started!
[20:56:51] [Server thread/INFO]: [The Bridge] Arena Winter instance successfully started!
[20:56:51] [Server thread/INFO]: [The Bridge] Arena Pirate instance successfully started!
[20:56:51] [Server thread/INFO]: [The Bridge] Arena Hall instance successfully started!
[20:56:51] [Server thread/INFO]: [TheBridge] -_-_-_--_-_-_--_-_-_--_-_-_--_-_-_--_-_-_--_-_-_--_-_-_--_-_-_--_-_-_--_-_-_--_-_-_--_-_-_--_-_-_--_-_-_--_-_-_-
[20:56:51] [Server thread/INFO]: [TheBridge] 
[20:56:51] [Server thread/INFO]: [TheBridge] Versions: 
[20:56:51] [Server thread/INFO]: [TheBridge] Plugin: 1.1.4-dev6 | Server: git-PaperSpigot-"4c7641d" (MC: 1.8.8) | Detected: v1_8_R3 | Software: CraftBukkit | Java: 1.8.0_312
[20:56:51] [Server thread/INFO]: [TheBridge] 
[20:56:51] [Server thread/INFO]: [TheBridge] This plugin was created by Plugily Projects as part of an open source project ( https://donate.plugily.xyz )
[20:56:51] [Server thread/INFO]: [TheBridge] 
[20:56:51] [Server thread/INFO]: [TheBridge][DEV] We recognize that this is a dev build
[20:56:51] [Server thread/INFO]: [TheBridge][DEV] !!!DO NOT USE THIS ON PRODUCTION!!!
[20:56:51] [Server thread/INFO]: [TheBridge][DEV] Dev builds are just for test purposes and we do not provide any support to them!
[20:56:51] [Server thread/INFO]: [TheBridge] 
[20:56:51] [Server thread/INFO]: [TheBridge][DISCLAIMER] We noticed that you are using an older version of Minecraft.
[20:56:51] [Server thread/INFO]: [TheBridge][DISCLAIMER] Please keep in mind that newer versions will help improving the security and performance of your server.
[20:56:51] [Server thread/INFO]: [TheBridge][DISCLAIMER] We do not give official support for old Minecraft versions as they are to outdated and slow down dev progress!
[20:56:51] [Server thread/INFO]: [TheBridge] 
[20:56:51] [Server thread/INFO]: [TheBridge]                               The plugin got fully enabled! Enjoy the plugin ;)
[20:56:51] [Server thread/INFO]: [TheBridge] -_-_-_--_-_-_--_-_-_--_-_-_--_-_-_--_-_-_--_-_-_--_-_-_--_-_-_--_-_-_--_-_-_--_-_-_--_-_-_--_-_-_--_-_-_--_-_-_-
[20:56:51] [Server thread/INFO]: [DeluxeTags] Enabling DeluxeTags v1.8.1
[20:56:51] [Server thread/INFO]: [DeluxeTags] 36 tags loaded
[20:56:51] [Server thread/INFO]: [DeluxeTags] Loading DeluxeTags messages.yml
[20:56:51] [Server thread/INFO]: [DeluxeTags] You are not using DeluxeChat!
[20:56:51] [Server thread/INFO]: [DeluxeTags] DeluxeTags will listen to the AsyncPlayerChatEvent to provide compatibility for some chat plugins.
[20:56:51] [Server thread/INFO]: ----------------------------
[20:56:51] [Server thread/INFO]:      DeluxeTags Updater
[20:56:51] [Server thread/INFO]:  
[20:56:51] [Server thread/INFO]: You are running 1.8.1
[20:56:51] [Server thread/INFO]: The latest version
[20:56:51] [Server thread/INFO]: of DeluxeTags!
[20:56:51] [Server thread/INFO]:  
[20:56:51] [Server thread/INFO]: ----------------------------
[20:56:51] [Server thread/INFO]: [Multiverse-Inventories] Enabling Multiverse-Inventories v2.5-b335
[20:56:51] [Server thread/INFO]: [Multiverse-Inventories 2.5-b335] enabled.
[20:56:51] [Server thread/INFO]: [ViaVersion] Enabling ViaVersion v4.1.1
[20:56:51] [Server thread/INFO]: [WorldEdit] Enabling WorldEdit v6.1.7;dd00bb1
[20:56:51] [Server thread/INFO]: WEPIF: Using the Bukkit Permissions API.
[20:56:51] [Server thread/INFO]: [WorldEdit] Using com.sk89q.worldedit.bukkit.adapter.impl.Spigot_v1_8_R3 as the Bukkit adapter
[20:56:51] [Server thread/INFO]: [VoidTeleport] Enabling VoidTeleport v2.3.7
[20:56:52] [Server thread/INFO]: 

                ===================================================
                                    VoidTeleport
                ===================================================

                              Current version: 2.3.7
                        You are running the latest version!

                ===================================================

[20:56:52] [Server thread/INFO]: [VoidTeleport] Developed by EndlessGames.
[20:56:52] [Server thread/INFO]: [WorldGuard] Enabling WorldGuard v6.1.3-SNAPSHOT;c904242
[20:56:52] [Server thread/INFO]: [WorldGuard] (thebridge_world) TNT ignition is PERMITTED.
[20:56:52] [Server thread/INFO]: [WorldGuard] (thebridge_world) Lighters are PERMITTED.
[20:56:52] [Server thread/INFO]: [WorldGuard] (thebridge_world) Lava fire is blocked.
[20:56:52] [Server thread/INFO]: [WorldGuard] (thebridge_world) Fire spread is UNRESTRICTED.
[20:56:52] [Server thread/INFO]: [WorldGuard] Loaded configuration for world 'thebridge_world'
[20:56:52] [Server thread/INFO]: [WorldGuard] (TB-Forest) TNT ignition is PERMITTED.
[20:56:52] [Server thread/INFO]: [WorldGuard] (TB-Forest) Lighters are PERMITTED.
[20:56:52] [Server thread/INFO]: [WorldGuard] (TB-Forest) Lava fire is blocked.
[20:56:52] [Server thread/INFO]: [WorldGuard] (TB-Forest) Fire spread is UNRESTRICTED.
[20:56:52] [Server thread/INFO]: [WorldGuard] Loaded configuration for world 'TB-Forest'
[20:56:52] [Server thread/INFO]: [WorldGuard] (arenas_world) TNT ignition is PERMITTED.
[20:56:52] [Server thread/INFO]: [WorldGuard] (arenas_world) Lighters are PERMITTED.
[20:56:52] [Server thread/INFO]: [WorldGuard] (arenas_world) Lava fire is blocked.
[20:56:52] [Server thread/INFO]: [WorldGuard] (arenas_world) Fire spread is UNRESTRICTED.
[20:56:52] [Server thread/INFO]: [WorldGuard] Loaded configuration for world 'arenas_world'
[20:56:52] [Server thread/INFO]: [WorldGuard] Loading region data...
[20:56:52] [Server thread/INFO]: [ServerListPlus] Enabling ServerListPlus v3.4.8
[20:56:52] [Server thread/INFO]: [ServerListPlus] [Core] Reloading configuration...
[20:56:52] [Server thread/INFO]: [ServerListPlus] [Core] Loaded configuration: ServerStatusConf
[20:56:52] [Server thread/INFO]: [ServerListPlus] [Core] Loaded configuration: PluginConf
[20:56:52] [Server thread/INFO]: [ServerListPlus] [Core] Reloading saved player identities...
[20:56:52] [Server thread/INFO]: [ServerListPlus] Successfully loaded!
[20:56:52] [Server thread/INFO]: [ServerListPlus] ServerListPlus v3.4.8 enabled.
[20:56:52] [Server thread/INFO]: [Essentials] Enabling Essentials v2.19.0
[20:56:52] [Server thread/INFO]: [Essentials] You are running a server with limited API functionality. EssentialsX will still work, but certain features may be disabled.
[20:56:52] [Server thread/INFO]: Attempting to convert old kits in config.yml to new kits.yml
[20:56:52] [Server thread/INFO]: No kits found to migrate.
[20:56:52] [Server thread/INFO]: Loaded 853 items from items.csv.
[20:56:52] [Server thread/INFO]: Using locale en_US
[20:56:52] [Server thread/INFO]: [Essentials] ServerListPingEvent: Spigot iterator API
[20:56:52] [Server thread/INFO]: [Essentials] Starting Metrics. Opt-out using the global bStats config.
[20:56:52] [Server thread/INFO]: [Vault] [Economy] Essentials Economy hooked.
[20:56:52] [Server thread/INFO]: [Essentials] Using Vault based permissions (LuckPerms)
[20:56:52] [Server thread/INFO]: [GadgetsMenu] Enabling GadgetsMenu v4.5.4
[20:56:52] [Server thread/INFO]: [GadgetsMenu] ------------------------------------------------------
[20:56:52] [Server thread/INFO]: [GadgetsMenu]         GadgetsMenu [Free] 4.5.4 is loading...
[20:56:52] [Server thread/INFO]: [GadgetsMenu]    [server: git-PaperSpigot-"4c7641d" (MC: 1.8.8)]
[20:56:52] [Server thread/INFO]: [GadgetsMenu]                 Running Java 1.8.0_312
[20:56:52] [Server thread/INFO]: [GadgetsMenu]                Plugin by Yap Zhen Yie.
[20:56:52] [Server thread/INFO]: [GadgetsMenu]             Date Modified: 3 October 2021
[20:56:52] [Server thread/INFO]: [GadgetsMenu]                            
[20:56:52] [Server thread/INFO]: [GadgetsMenu]              Initializing module v1_8_R3
[20:56:52] [Server thread/INFO]: [GadgetsMenu] ------------------------------------------------------
[20:56:53] [Server thread/INFO]: [GadgetsMenu] Connecting to SQLite database...
[20:56:53] [Server thread/INFO]: [GadgetsMenu] Successfully connected to SQLite database!
[20:56:53] [Server thread/INFO]: [GadgetsMenu] Enabled Mystery Vault individual hologram.
[20:56:53] [Server thread/INFO]: [PlaceholderAPI] Successfully registered expansion: gadgetsmenu
[20:56:53] [Server thread/INFO]: [GadgetsMenu] [Placeholder] PlaceholderAPI hooked.
[20:56:53] [Server thread/INFO]: [HolographicDisplays] Enabling HolographicDisplays v2.4.9
[20:56:53] [Server thread/INFO]: [HolographicDisplays] Enabled player relative placeholders with ProtocolLib.
[20:56:53] [Server thread/INFO]: [Citizens] Enabling Citizens v2.0.28-SNAPSHOT (build 2398)
[20:56:54] [Server thread/INFO]: [BossShopPro] Enabling BossShopPro v1.9.8
[20:56:54] [Server thread/INFO]: [BossShopPro] Loading data...
[20:56:54] [Server thread/INFO]: [BossShopPro] Hooked into PlaceholderAPI.
[20:56:54] [Server thread/INFO]: [EssentialsChat] Enabling EssentialsChat v2.19.0
[20:56:54] [Server thread/INFO]: [EssentialsChat] Starting Metrics. Opt-out using the global bStats config.
[20:56:54] [Server thread/INFO]: [HolographicPlaceholders] Enabling HolographicPlaceholders v2.1.2 Stable
[20:56:54] [Server thread/INFO]: ==================[ Starting ]==================
[20:56:54] [Server thread/INFO]: Using the legacy configurations because version is V1_8
[20:56:54] [Server thread/INFO]: [HPE] Enabled: BalTop
[20:56:54] [Server thread/INFO]: [HPE] Enabled: PlaceholderAPI
[20:56:54] [Server thread/INFO]: [HPE] Enabled: MultiPlaceholders
[20:56:54] [Server thread/INFO]: [HPE] Enabled: ProtocolLib
[20:56:54] [Server thread/INFO]: [PlaceholderAPI] Successfully registered expansion: holographicplaceholders
[20:56:54] [Server thread/INFO]: =================[ Done: 26ms ]=================
[20:56:54] [Server thread/INFO]: [TAB] Enabling TAB v2.9.2
[20:56:54] [Server thread/INFO]: [TAB] Server version: 1.8.8 (v1_8_R3)
[20:56:54] [Server thread/INFO]: [PlaceholderAPI] Successfully registered expansion: tab
[20:56:54] [Server thread/INFO]: [TAB] Enabled in 48ms
[20:56:54] [Server thread/INFO]: [EssentialsSpawn] Enabling EssentialsSpawn v2.19.0
[20:56:54] [Server thread/INFO]: [EssentialsSpawn] Starting Metrics. Opt-out using the global bStats config.
[20:56:54] [Server thread/INFO]: [CrateReloaded] Enabling CrateReloaded v2.0.24
[20:56:54] [Server thread/INFO]: [CrateReloaded] Config Version: 2.X
[20:56:54] [Server thread/INFO]: [CrateReloaded] v1_8_R3
[20:56:54] [Server thread/WARN]: [CrateReloaded] Config is missing a key, hologram-plugin (Default Value: HolographicDisplays).
[20:56:54] [Server thread/INFO]: [CrateReloaded] Hologram Provider: HolographicDisplays
[20:56:55] [Server thread/INFO]: [CrateReloaded] Crate Configurations (1): crate.yml 
[20:56:55] [Server thread/INFO]: Server permissions file permissions.yml is empty, ignoring it
[20:56:55] [Server thread/INFO]: Done (6.606s)! For help, type "help" or "?"
[20:56:55] [Server thread/INFO]: Timings Reset
[20:56:55] [Server thread/INFO]: [ViaVersion] ViaVersion detected server version: 1.8.x (47)
[20:56:55] [Craft Scheduler Thread - 16/INFO]: [ItemJoin] Hooked into { Multiverse-Core, Multiverse-Inventories, WorldGuard, PlaceholderAPI, ProtocolLib, Citizens, Vault }
[20:56:55] [Craft Scheduler Thread - 16/INFO]: [ItemJoin] 2 Custom item(s) loaded!
[20:56:55] [Server thread/WARN]: [ViaVersion] This version of Minecraft is extremely outdated and support for it has reached its end of life. You will still be able to run Via on this Minecraft version, but we are unlikely to provide any further fixes or help with problems specific to legacy Minecraft versions. Please consider updating to give your players a better experience and to avoid issues that have long been fixed.
[20:56:55] [Server thread/WARN]: [ViaVersion] You are running an outdated Java version, please consider updating it to at least Java 17 (your version is 1.8.0_312). At some point in the future, ViaVersion will no longer be compatible with this version of Java.
[20:56:55] [Server thread/INFO]: (FAWE) Detected class org.bukkit.event.block.BlockExplodeEvent
[20:56:55] [Server thread/INFO]: [Essentials] Essentials found a compatible payment resolution method: Vault Compatibility Layer (v1.7.3-b131)!
[20:56:55] [Craft Scheduler Thread - 15/WARN]: Exception in thread "Craft Scheduler Thread - 15" 
[20:56:55] [Craft Scheduler Thread - 1/WARN]: Exception in thread "Craft Scheduler Thread - 1" 
[20:56:55] [Craft Scheduler Thread - 1/WARN]: org.apache.commons.lang.UnhandledException: Plugin CrateReloaded v2.0.24 generated an exception while executing task 90
	at org.bukkit.craftbukkit.v1_8_R3.scheduler.CraftAsyncTask.run(CraftAsyncTask.java:56)
	at org.github.paperspigot.ServerSchedulerReportingWrapper.run(ServerSchedulerReportingWrapper.java:23)
	at java.util.concurrent.ThreadPoolExecutor.runWorker(ThreadPoolExecutor.java:1149)
	at java.util.concurrent.ThreadPoolExecutor$Worker.run(ThreadPoolExecutor.java:624)
	at java.lang.Thread.run(Thread.java:748)
Caused by: java.lang.NoClassDefFoundError: joptsimple/internal/Strings
	at com.hazebyte.util.MojangClient.Z(MojangClient.java:36)
	at cratereloaded.cF.a(ItemParser.java:318)
	at org.bukkit.craftbukkit.v1_8_R3.scheduler.CraftTask.run(CraftTask.java:59)
	at org.bukkit.craftbukkit.v1_8_R3.scheduler.CraftAsyncTask.run(CraftAsyncTask.java:53)
	... 4 more

[20:56:55] [Craft Scheduler Thread - 14/WARN]: Exception in thread "Craft Scheduler Thread - 14" 
[20:56:55] [Craft Scheduler Thread - 14/WARN]: org.apache.commons.lang.UnhandledException: Plugin CrateReloaded v2.0.24 generated an exception while executing task 74
	at org.bukkit.craftbukkit.v1_8_R3.scheduler.CraftAsyncTask.run(CraftAsyncTask.java:56)
	at org.github.paperspigot.ServerSchedulerReportingWrapper.run(ServerSchedulerReportingWrapper.java:23)
	at java.util.concurrent.ThreadPoolExecutor.runWorker(ThreadPoolExecutor.java:1149)
	at java.util.concurrent.ThreadPoolExecutor$Worker.run(ThreadPoolExecutor.java:624)
	at java.lang.Thread.run(Thread.java:748)
Caused by: java.lang.NoClassDefFoundError: joptsimple/internal/Strings
	at com.hazebyte.util.MojangClient.Z(MojangClient.java:36)
	at cratereloaded.cF.a(ItemParser.java:318)
	at org.bukkit.craftbukkit.v1_8_R3.scheduler.CraftTask.run(CraftTask.java:59)
	at org.bukkit.craftbukkit.v1_8_R3.scheduler.CraftAsyncTask.run(CraftAsyncTask.java:53)
	... 4 more

[20:56:55] [Craft Scheduler Thread - 15/WARN]: org.apache.commons.lang.UnhandledException: Plugin CrateReloaded v2.0.24 generated an exception while executing task 75
	at org.bukkit.craftbukkit.v1_8_R3.scheduler.CraftAsyncTask.run(CraftAsyncTask.java:56)
	at org.github.paperspigot.ServerSchedulerReportingWrapper.run(ServerSchedulerReportingWrapper.java:23)
	at java.util.concurrent.ThreadPoolExecutor.runWorker(ThreadPoolExecutor.java:1149)
	at java.util.concurrent.ThreadPoolExecutor$Worker.run(ThreadPoolExecutor.java:624)
	at java.lang.Thread.run(Thread.java:748)
Caused by: java.lang.NoClassDefFoundError: joptsimple/internal/Strings
	at com.hazebyte.util.MojangClient.Z(MojangClient.java:36)
	at cratereloaded.cF.a(ItemParser.java:318)
	at org.bukkit.craftbukkit.v1_8_R3.scheduler.CraftTask.run(CraftTask.java:59)
	at org.bukkit.craftbukkit.v1_8_R3.scheduler.CraftAsyncTask.run(CraftAsyncTask.java:53)
	... 4 more
Caused by: java.lang.ClassNotFoundException: joptsimple.internal.Strings
	at java.net.URLClassLoader.findClass(URLClassLoader.java:387)
	at org.bukkit.plugin.java.PluginClassLoader.findClass(PluginClassLoader.java:102)
	at org.bukkit.plugin.java.PluginClassLoader.findClass(PluginClassLoader.java:87)
	at java.lang.ClassLoader.loadClass(ClassLoader.java:418)
	at java.lang.ClassLoader.loadClass(ClassLoader.java:351)
	... 8 more

[20:56:55] [Craft Scheduler Thread - 13/WARN]: Exception in thread "Craft Scheduler Thread - 13" 
[20:56:55] [Craft Scheduler Thread - 13/WARN]: org.apache.commons.lang.UnhandledException: Plugin CrateReloaded v2.0.24 generated an exception while executing task 73
	at org.bukkit.craftbukkit.v1_8_R3.scheduler.CraftAsyncTask.run(CraftAsyncTask.java:56)
	at org.github.paperspigot.ServerSchedulerReportingWrapper.run(ServerSchedulerReportingWrapper.java:23)
	at java.util.concurrent.ThreadPoolExecutor.runWorker(ThreadPoolExecutor.java:1149)
	at java.util.concurrent.ThreadPoolExecutor$Worker.run(ThreadPoolExecutor.java:624)
	at java.lang.Thread.run(Thread.java:748)
Caused by: java.lang.NoClassDefFoundError: joptsimple/internal/Strings
	at com.hazebyte.util.MojangClient.Z(MojangClient.java:36)
	at cratereloaded.cF.a(ItemParser.java:318)
	at org.bukkit.craftbukkit.v1_8_R3.scheduler.CraftTask.run(CraftTask.java:59)
	at org.bukkit.craftbukkit.v1_8_R3.scheduler.CraftAsyncTask.run(CraftAsyncTask.java:53)
	... 4 more

[20:56:55] [Craft Scheduler Thread - 17/WARN]: Exception in thread "Craft Scheduler Thread - 17" 
[20:56:55] [Craft Scheduler Thread - 17/WARN]: org.apache.commons.lang.UnhandledException: Plugin CrateReloaded v2.0.24 generated an exception while executing task 77
	at org.bukkit.craftbukkit.v1_8_R3.scheduler.CraftAsyncTask.run(CraftAsyncTask.java:56)
	at org.github.paperspigot.ServerSchedulerReportingWrapper.run(ServerSchedulerReportingWrapper.java:23)
	at java.util.concurrent.ThreadPoolExecutor.runWorker(ThreadPoolExecutor.java:1149)
	at java.util.concurrent.ThreadPoolExecutor$Worker.run(ThreadPoolExecutor.java:624)
	at java.lang.Thread.run(Thread.java:748)
Caused by: java.lang.NoClassDefFoundError: joptsimple/internal/Strings
	at com.hazebyte.util.MojangClient.Z(MojangClient.java:36)
	at cratereloaded.cF.a(ItemParser.java:318)
	at org.bukkit.craftbukkit.v1_8_R3.scheduler.CraftTask.run(CraftTask.java:59)
	at org.bukkit.craftbukkit.v1_8_R3.scheduler.CraftAsyncTask.run(CraftAsyncTask.java:53)
	... 4 more

[20:56:55] [Craft Scheduler Thread - 12/WARN]: Exception in thread "Craft Scheduler Thread - 12" 
[20:56:55] [Craft Scheduler Thread - 12/WARN]: org.apache.commons.lang.UnhandledException: Plugin CrateReloaded v2.0.24 generated an exception while executing task 76
	at org.bukkit.craftbukkit.v1_8_R3.scheduler.CraftAsyncTask.run(CraftAsyncTask.java:56)
	at org.github.paperspigot.ServerSchedulerReportingWrapper.run(ServerSchedulerReportingWrapper.java:23)
	at java.util.concurrent.ThreadPoolExecutor.runWorker(ThreadPoolExecutor.java:1149)
	at java.util.concurrent.ThreadPoolExecutor$Worker.run(ThreadPoolExecutor.java:624)
	at java.lang.Thread.run(Thread.java:748)
Caused by: java.lang.NoClassDefFoundError: joptsimple/internal/Strings
	at com.hazebyte.util.MojangClient.Z(MojangClient.java:36)
	at cratereloaded.cF.a(ItemParser.java:318)
	at org.bukkit.craftbukkit.v1_8_R3.scheduler.CraftTask.run(CraftTask.java:59)
	at org.bukkit.craftbukkit.v1_8_R3.scheduler.CraftAsyncTask.run(CraftAsyncTask.java:53)
	... 4 more

[20:56:55] [Craft Scheduler Thread - 7/WARN]: Exception in thread "Craft Scheduler Thread - 7" 
[20:56:55] [Craft Scheduler Thread - 7/WARN]: org.apache.commons.lang.UnhandledException: Plugin CrateReloaded v2.0.24 generated an exception while executing task 83
	at org.bukkit.craftbukkit.v1_8_R3.scheduler.CraftAsyncTask.run(CraftAsyncTask.java:56)
	at org.github.paperspigot.ServerSchedulerReportingWrapper.run(ServerSchedulerReportingWrapper.java:23)
	at java.util.concurrent.ThreadPoolExecutor.runWorker(ThreadPoolExecutor.java:1149)
	at java.util.concurrent.ThreadPoolExecutor$Worker.run(ThreadPoolExecutor.java:624)
	at java.lang.Thread.run(Thread.java:748)
Caused by: java.lang.NoClassDefFoundError: joptsimple/internal/Strings
	at com.hazebyte.util.MojangClient.Z(MojangClient.java:36)
	at cratereloaded.cF.a(ItemParser.java:318)
	at org.bukkit.craftbukkit.v1_8_R3.scheduler.CraftTask.run(CraftTask.java:59)
	at org.bukkit.craftbukkit.v1_8_R3.scheduler.CraftAsyncTask.run(CraftAsyncTask.java:53)
	... 4 more

[20:56:55] [Craft Scheduler Thread - 2/WARN]: Exception in thread "Craft Scheduler Thread - 2" 
[20:56:55] [Craft Scheduler Thread - 2/WARN]: org.apache.commons.lang.UnhandledException: Plugin CrateReloaded v2.0.24 generated an exception while executing task 88
	at org.bukkit.craftbukkit.v1_8_R3.scheduler.CraftAsyncTask.run(CraftAsyncTask.java:56)
	at org.github.paperspigot.ServerSchedulerReportingWrapper.run(ServerSchedulerReportingWrapper.java:23)
	at java.util.concurrent.ThreadPoolExecutor.runWorker(ThreadPoolExecutor.java:1149)
	at java.util.concurrent.ThreadPoolExecutor$Worker.run(ThreadPoolExecutor.java:624)
	at java.lang.Thread.run(Thread.java:748)
Caused by: java.lang.NoClassDefFoundError: joptsimple/internal/Strings
	at com.hazebyte.util.MojangClient.Z(MojangClient.java:36)
	at cratereloaded.cF.a(ItemParser.java:318)
	at org.bukkit.craftbukkit.v1_8_R3.scheduler.CraftTask.run(CraftTask.java:59)
	at org.bukkit.craftbukkit.v1_8_R3.scheduler.CraftAsyncTask.run(CraftAsyncTask.java:53)
	... 4 more

[20:56:55] [Craft Scheduler Thread - 11/WARN]: Exception in thread "Craft Scheduler Thread - 11" 
[20:56:55] [Craft Scheduler Thread - 11/WARN]: org.apache.commons.lang.UnhandledException: Plugin CrateReloaded v2.0.24 generated an exception while executing task 78
	at org.bukkit.craftbukkit.v1_8_R3.scheduler.CraftAsyncTask.run(CraftAsyncTask.java:56)
	at org.github.paperspigot.ServerSchedulerReportingWrapper.run(ServerSchedulerReportingWrapper.java:23)
	at java.util.concurrent.ThreadPoolExecutor.runWorker(ThreadPoolExecutor.java:1149)
	at java.util.concurrent.ThreadPoolExecutor$Worker.run(ThreadPoolExecutor.java:624)
	at java.lang.Thread.run(Thread.java:748)
Caused by: java.lang.NoClassDefFoundError: joptsimple/internal/Strings
	at com.hazebyte.util.MojangClient.Z(MojangClient.java:36)
	at cratereloaded.cF.a(ItemParser.java:318)
	at org.bukkit.craftbukkit.v1_8_R3.scheduler.CraftTask.run(CraftTask.java:59)
	at org.bukkit.craftbukkit.v1_8_R3.scheduler.CraftAsyncTask.run(CraftAsyncTask.java:53)
	... 4 more

[20:56:55] [Craft Scheduler Thread - 6/WARN]: Exception in thread "Craft Scheduler Thread - 6" 
[20:56:55] [Craft Scheduler Thread - 6/WARN]: org.apache.commons.lang.UnhandledException: Plugin CrateReloaded v2.0.24 generated an exception while executing task 84
	at org.bukkit.craftbukkit.v1_8_R3.scheduler.CraftAsyncTask.run(CraftAsyncTask.java:56)
	at org.github.paperspigot.ServerSchedulerReportingWrapper.run(ServerSchedulerReportingWrapper.java:23)
	at java.util.concurrent.ThreadPoolExecutor.runWorker(ThreadPoolExecutor.java:1149)
	at java.util.concurrent.ThreadPoolExecutor$Worker.run(ThreadPoolExecutor.java:624)
	at java.lang.Thread.run(Thread.java:748)
Caused by: java.lang.NoClassDefFoundError: joptsimple/internal/Strings
	at com.hazebyte.util.MojangClient.Z(MojangClient.java:36)
	at cratereloaded.cF.a(ItemParser.java:318)
	at org.bukkit.craftbukkit.v1_8_R3.scheduler.CraftTask.run(CraftTask.java:59)
	at org.bukkit.craftbukkit.v1_8_R3.scheduler.CraftAsyncTask.run(CraftAsyncTask.java:53)
	... 4 more

[20:56:55] [Craft Scheduler Thread - 10/WARN]: Exception in thread "Craft Scheduler Thread - 10" 
[20:56:55] [Craft Scheduler Thread - 10/WARN]: org.apache.commons.lang.UnhandledException: Plugin CrateReloaded v2.0.24 generated an exception while executing task 80
	at org.bukkit.craftbukkit.v1_8_R3.scheduler.CraftAsyncTask.run(CraftAsyncTask.java:56)
	at org.github.paperspigot.ServerSchedulerReportingWrapper.run(ServerSchedulerReportingWrapper.java:23)
	at java.util.concurrent.ThreadPoolExecutor.runWorker(ThreadPoolExecutor.java:1149)
	at java.util.concurrent.ThreadPoolExecutor$Worker.run(ThreadPoolExecutor.java:624)
	at java.lang.Thread.run(Thread.java:748)
Caused by: java.lang.NoClassDefFoundError: joptsimple/internal/Strings
	at com.hazebyte.util.MojangClient.Z(MojangClient.java:36)
	at cratereloaded.cF.a(ItemParser.java:318)
	at org.bukkit.craftbukkit.v1_8_R3.scheduler.CraftTask.run(CraftTask.java:59)
	at org.bukkit.craftbukkit.v1_8_R3.scheduler.CraftAsyncTask.run(CraftAsyncTask.java:53)
	... 4 more

[20:56:55] [Craft Scheduler Thread - 18/WARN]: Exception in thread "Craft Scheduler Thread - 18" 
[20:56:55] [Craft Scheduler Thread - 18/WARN]: org.apache.commons.lang.UnhandledException: Plugin CrateReloaded v2.0.24 generated an exception while executing task 86
	at org.bukkit.craftbukkit.v1_8_R3.scheduler.CraftAsyncTask.run(CraftAsyncTask.java:56)
	at org.github.paperspigot.ServerSchedulerReportingWrapper.run(ServerSchedulerReportingWrapper.java:23)
	at java.util.concurrent.ThreadPoolExecutor.runWorker(ThreadPoolExecutor.java:1149)
	at java.util.concurrent.ThreadPoolExecutor$Worker.run(ThreadPoolExecutor.java:624)
	at java.lang.Thread.run(Thread.java:748)
Caused by: java.lang.NoClassDefFoundError: joptsimple/internal/Strings
	at com.hazebyte.util.MojangClient.Z(MojangClient.java:36)
	at cratereloaded.cF.a(ItemParser.java:318)
	at org.bukkit.craftbukkit.v1_8_R3.scheduler.CraftTask.run(CraftTask.java:59)
	at org.bukkit.craftbukkit.v1_8_R3.scheduler.CraftAsyncTask.run(CraftAsyncTask.java:53)
	... 4 more

[20:56:55] [Craft Scheduler Thread - 8/WARN]: Exception in thread "Craft Scheduler Thread - 8" 
[20:56:55] [Craft Scheduler Thread - 8/WARN]: org.apache.commons.lang.UnhandledException: Plugin CrateReloaded v2.0.24 generated an exception while executing task 82
	at org.bukkit.craftbukkit.v1_8_R3.scheduler.CraftAsyncTask.run(CraftAsyncTask.java:56)
	at org.github.paperspigot.ServerSchedulerReportingWrapper.run(ServerSchedulerReportingWrapper.java:23)
	at java.util.concurrent.ThreadPoolExecutor.runWorker(ThreadPoolExecutor.java:1149)
	at java.util.concurrent.ThreadPoolExecutor$Worker.run(ThreadPoolExecutor.java:624)
	at java.lang.Thread.run(Thread.java:748)
Caused by: java.lang.NoClassDefFoundError: joptsimple/internal/Strings
	at com.hazebyte.util.MojangClient.Z(MojangClient.java:36)
	at cratereloaded.cF.a(ItemParser.java:318)
	at org.bukkit.craftbukkit.v1_8_R3.scheduler.CraftTask.run(CraftTask.java:59)
	at org.bukkit.craftbukkit.v1_8_R3.scheduler.CraftAsyncTask.run(CraftAsyncTask.java:53)
	... 4 more

[20:56:55] [Craft Scheduler Thread - 16/WARN]: Exception in thread "Craft Scheduler Thread - 16" 
[20:56:55] [Craft Scheduler Thread - 16/WARN]: org.apache.commons.lang.UnhandledException: Plugin CrateReloaded v2.0.24 generated an exception while executing task 85
	at org.bukkit.craftbukkit.v1_8_R3.scheduler.CraftAsyncTask.run(CraftAsyncTask.java:56)
	at org.github.paperspigot.ServerSchedulerReportingWrapper.run(ServerSchedulerReportingWrapper.java:23)
	at java.util.concurrent.ThreadPoolExecutor.runWorker(ThreadPoolExecutor.java:1149)
	at java.util.concurrent.ThreadPoolExecutor$Worker.run(ThreadPoolExecutor.java:624)
	at java.lang.Thread.run(Thread.java:748)
Caused by: java.lang.NoClassDefFoundError: joptsimple/internal/Strings
	at com.hazebyte.util.MojangClient.Z(MojangClient.java:36)
	at cratereloaded.cF.a(ItemParser.java:318)
	at org.bukkit.craftbukkit.v1_8_R3.scheduler.CraftTask.run(CraftTask.java:59)
	at org.bukkit.craftbukkit.v1_8_R3.scheduler.CraftAsyncTask.run(CraftAsyncTask.java:53)
	... 4 more

[20:56:55] [Craft Scheduler Thread - 3/WARN]: Exception in thread "Craft Scheduler Thread - 3" 
[20:56:55] [Craft Scheduler Thread - 3/WARN]: org.apache.commons.lang.UnhandledException: Plugin CrateReloaded v2.0.24 generated an exception while executing task 79
	at org.bukkit.craftbukkit.v1_8_R3.scheduler.CraftAsyncTask.run(CraftAsyncTask.java:56)
	at org.github.paperspigot.ServerSchedulerReportingWrapper.run(ServerSchedulerReportingWrapper.java:23)
	at java.util.concurrent.ThreadPoolExecutor.runWorker(ThreadPoolExecutor.java:1149)
	at java.util.concurrent.ThreadPoolExecutor$Worker.run(ThreadPoolExecutor.java:624)
	at java.lang.Thread.run(Thread.java:748)
Caused by: java.lang.NoClassDefFoundError: joptsimple/internal/Strings
	at com.hazebyte.util.MojangClient.Z(MojangClient.java:36)
	at cratereloaded.cF.a(ItemParser.java:318)
	at org.bukkit.craftbukkit.v1_8_R3.scheduler.CraftTask.run(CraftTask.java:59)
	at org.bukkit.craftbukkit.v1_8_R3.scheduler.CraftAsyncTask.run(CraftAsyncTask.java:53)
	... 4 more

[20:56:55] [Craft Scheduler Thread - 22/WARN]: Exception in thread "Craft Scheduler Thread - 22" 
[20:56:55] [Craft Scheduler Thread - 22/WARN]: org.apache.commons.lang.UnhandledException: Plugin CrateReloaded v2.0.24 generated an exception while executing task 89
	at org.bukkit.craftbukkit.v1_8_R3.scheduler.CraftAsyncTask.run(CraftAsyncTask.java:56)
	at org.github.paperspigot.ServerSchedulerReportingWrapper.run(ServerSchedulerReportingWrapper.java:23)
	at java.util.concurrent.ThreadPoolExecutor.runWorker(ThreadPoolExecutor.java:1149)
	at java.util.concurrent.ThreadPoolExecutor$Worker.run(ThreadPoolExecutor.java:624)
	at java.lang.Thread.run(Thread.java:748)
Caused by: java.lang.NoClassDefFoundError: joptsimple/internal/Strings
	at com.hazebyte.util.MojangClient.Z(MojangClient.java:36)
	at cratereloaded.cF.a(ItemParser.java:318)
	at org.bukkit.craftbukkit.v1_8_R3.scheduler.CraftTask.run(CraftTask.java:59)
	at org.bukkit.craftbukkit.v1_8_R3.scheduler.CraftAsyncTask.run(CraftAsyncTask.java:53)
	... 4 more

[20:56:55] [Craft Scheduler Thread - 19/WARN]: Exception in thread "Craft Scheduler Thread - 19" 
[20:56:55] [Craft Scheduler Thread - 19/WARN]: org.apache.commons.lang.UnhandledException: Plugin CrateReloaded v2.0.24 generated an exception while executing task 87
	at org.bukkit.craftbukkit.v1_8_R3.scheduler.CraftAsyncTask.run(CraftAsyncTask.java:56)
	at org.github.paperspigot.ServerSchedulerReportingWrapper.run(ServerSchedulerReportingWrapper.java:23)
	at java.util.concurrent.ThreadPoolExecutor.runWorker(ThreadPoolExecutor.java:1149)
	at java.util.concurrent.ThreadPoolExecutor$Worker.run(ThreadPoolExecutor.java:624)
	at java.lang.Thread.run(Thread.java:748)
Caused by: java.lang.NoClassDefFoundError: joptsimple/internal/Strings
	at com.hazebyte.util.MojangClient.Z(MojangClient.java:36)
	at cratereloaded.cF.a(ItemParser.java:318)
	at org.bukkit.craftbukkit.v1_8_R3.scheduler.CraftTask.run(CraftTask.java:59)
	at org.bukkit.craftbukkit.v1_8_R3.scheduler.CraftAsyncTask.run(CraftAsyncTask.java:53)
	... 4 more

[20:56:55] [Craft Scheduler Thread - 4/INFO]: [ItemJoin] Your current version: v5.2.2-RELEASE
[20:56:55] [Craft Scheduler Thread - 4/INFO]: [ItemJoin] A new version is available: v5.2.3-RELEASE
[20:56:55] [Craft Scheduler Thread - 4/INFO]: [ItemJoin] Get it from: https://github.com/RockinChaos/itemjoin/releases/latest
[20:56:55] [Craft Scheduler Thread - 4/INFO]: [ItemJoin] If you wish to auto update, please type /ItemJoin Upgrade
[20:56:55] [Craft Scheduler Thread - 0/WARN]: Exception in thread "Craft Scheduler Thread - 0" 
[20:56:55] [Craft Scheduler Thread - 0/WARN]: org.apache.commons.lang.UnhandledException: Plugin CrateReloaded v2.0.24 generated an exception while executing task 81
	at org.bukkit.craftbukkit.v1_8_R3.scheduler.CraftAsyncTask.run(CraftAsyncTask.java:56)
	at org.github.paperspigot.ServerSchedulerReportingWrapper.run(ServerSchedulerReportingWrapper.java:23)
	at java.util.concurrent.ThreadPoolExecutor.runWorker(ThreadPoolExecutor.java:1149)
	at java.util.concurrent.ThreadPoolExecutor$Worker.run(ThreadPoolExecutor.java:624)
	at java.lang.Thread.run(Thread.java:748)
Caused by: java.lang.NoClassDefFoundError: joptsimple/internal/Strings
	at com.hazebyte.util.MojangClient.Z(MojangClient.java:36)
	at cratereloaded.cF.a(ItemParser.java:318)
	at org.bukkit.craftbukkit.v1_8_R3.scheduler.CraftTask.run(CraftTask.java:59)
	at org.bukkit.craftbukkit.v1_8_R3.scheduler.CraftAsyncTask.run(CraftAsyncTask.java:53)
	... 4 more

[20:56:56] [Craft Scheduler Thread - 20/INFO]: [Essentials] 6Fetching version information...
[20:56:56] [Craft Scheduler Thread - 4/INFO]: [GadgetsMenu] Checking for updates...
[20:56:56] [Server thread/INFO]: (FAWE) Plugin 'WorldGuard' found. Using it now.
[20:56:56] [Server thread/INFO]: [PlaceholderAPI] Placeholder expansion registration initializing...
[20:56:56] [Craft Scheduler Thread - 20/WARN]: [Essentials] 4There is a new EssentialsX version available for download: c2.19.24.
[20:56:56] [Craft Scheduler Thread - 20/WARN]: [Essentials] 4Download it here:c https://essentialsx.net/downloads.html?branch=stable
[20:56:56] [Craft Scheduler Thread - 4/INFO]: [GadgetsMenu] You have an old version of the plugin. You are using 4.5.4, available version 4.6.0.
[20:56:56] [Server thread/INFO]: [Citizens] Loaded 9 NPCs.
[20:56:56] [Server thread/INFO]: [ViaVersion] Finished mapping loading, shutting down loader executor!
[20:56:56] [Craft Scheduler Thread - 4/INFO]: [Vault] Checking for Updates ... 
[20:56:56] [Server thread/INFO]: No expansions were registered!
[20:56:56] [Server thread/INFO]: [PlaceholderAPI] An update for PlaceholderAPI (v2.11.1) is available at:
[20:56:56] [Server thread/INFO]: [PlaceholderAPI] https://www.spigotmc.org/resources/placeholderapi.6245/
[20:56:56] [Craft Scheduler Thread - 20/INFO]: [BossShopPro] Successfully hooked into Points plugin GadgetsMenu.
[20:56:56] [Server thread/INFO]: [HolographicDisplays] Found a new version available: v3.0.0
[20:56:56] [Server thread/INFO]: [HolographicDisplays] Download it on Bukkit Dev:
[20:56:56] [Server thread/INFO]: [HolographicDisplays] dev.bukkit.org/projects/holographic-displays
[20:56:56] [Craft Scheduler Thread - 20/INFO]: [BossShopPro] Loaded 1 Shops!
[20:56:56] [Craft Scheduler Thread - 20/INFO]: [BossShopPro] Vault found.
[20:56:56] [Craft Scheduler Thread - 4/INFO]: [Vault] No new version available
[20:57:10] [User Authenticator #1/INFO]: UUID of player AllanStrat is f0e7f028-4955-4dc8-8e40-d334ef0bd19a
[20:57:10] [Server thread/INFO]: AllanStrat[/201.220.139.180:1309] logged in with entity id 139 at ([thebridge_world]195.60786285908017, 116.0, -29.5434087344958)
[20:57:19] [Server thread/INFO]: AllanStrat issued server command: /mv list
[20:57:22] [Server thread/WARN]: [CrateReloaded] Config is missing a key, crate.item-frame (Default Value: false).
[20:57:22] [Server thread/INFO]: AllanStrat issued server command: /tb join Festival
[20:57:22] [Server thread/ERROR]: Cannot load plugins/Multiverse-Inventories/worlds/thebridge_world/AllanStrat.json
org.bukkit.configuration.InvalidConfigurationException: Invalid JSON detected.
	at com.onarandombox.multiverseinventories.util.JsonConfiguration.loadFromString(JsonConfiguration.java:104) ~[?:?]
	at org.bukkit.configuration.file.FileConfiguration.load(FileConfiguration.java:226) ~[patched.jar:git-PaperSpigot-"4c7641d"]
	at org.bukkit.configuration.file.FileConfiguration.load(FileConfiguration.java:169) ~[patched.jar:git-PaperSpigot-"4c7641d"]
	at com.onarandombox.multiverseinventories.util.JsonConfiguration.<init>(JsonConfiguration.java:184) [Multiverse-Inventories-2.5.jar:?]
	at com.onarandombox.multiverseinventories.util.EncodedJsonConfiguration.<init>(EncodedJsonConfiguration.java:20) [Multiverse-Inventories-2.5.jar:?]
	at com.onarandombox.multiverseinventories.util.data.FlatFilePlayerData.getConfigHandle(FlatFilePlayerData.java:77) [Multiverse-Inventories-2.5.jar:?]
	at com.onarandombox.multiverseinventories.util.data.FlatFilePlayerData.getPlayerData(FlatFilePlayerData.java:269) [Multiverse-Inventories-2.5.jar:?]
	at com.onarandombox.multiverseinventories.WeakProfileContainer.getPlayerData(WeakProfileContainer.java:98) [Multiverse-Inventories-2.5.jar:?]
	at com.onarandombox.multiverseinventories.WeakProfileContainer.getPlayerData(WeakProfileContainer.java:87) [Multiverse-Inventories-2.5.jar:?]
	at com.onarandombox.multiverseinventories.WorldChangeShareHandler.handle(WorldChangeShareHandler.java:33) [Multiverse-Inventories-2.5.jar:?]
	at com.onarandombox.multiverseinventories.ShareHandler.handleSharing(ShareHandler.java:56) [Multiverse-Inventories-2.5.jar:?]
	at com.onarandombox.multiverseinventories.InventoriesListener.playerChangedWorld(InventoriesListener.java:189) [Multiverse-Inventories-2.5.jar:?]
	at sun.reflect.NativeMethodAccessorImpl.invoke0(Native Method) ~[?:1.8.0_312]
	at sun.reflect.NativeMethodAccessorImpl.invoke(NativeMethodAccessorImpl.java:62) ~[?:1.8.0_312]
	at sun.reflect.DelegatingMethodAccessorImpl.invoke(DelegatingMethodAccessorImpl.java:43) ~[?:1.8.0_312]
	at java.lang.reflect.Method.invoke(Method.java:498) ~[?:1.8.0_312]
	at org.bukkit.plugin.java.JavaPluginLoader$1.execute(JavaPluginLoader.java:300) [patched.jar:git-PaperSpigot-"4c7641d"]
	at co.aikar.timings.TimedEventExecutor.execute(TimedEventExecutor.java:78) [patched.jar:git-PaperSpigot-"4c7641d"]
	at org.bukkit.plugin.RegisteredListener.callEvent(RegisteredListener.java:62) [patched.jar:git-PaperSpigot-"4c7641d"]
	at org.bukkit.plugin.SimplePluginManager.fireEvent(SimplePluginManager.java:517) [patched.jar:git-PaperSpigot-"4c7641d"]
	at org.bukkit.plugin.SimplePluginManager.callEvent(SimplePluginManager.java:502) [patched.jar:git-PaperSpigot-"4c7641d"]
	at net.minecraft.server.v1_8_R3.PlayerList.moveToWorld(PlayerList.java:644) [patched.jar:git-PaperSpigot-"4c7641d"]
	at org.bukkit.craftbukkit.v1_8_R3.entity.CraftPlayer.teleport(CraftPlayer.java:568) [patched.jar:git-PaperSpigot-"4c7641d"]
	at org.bukkit.craftbukkit.v1_8_R3.entity.CraftEntity.teleport(CraftEntity.java:236) [patched.jar:git-PaperSpigot-"4c7641d"]
	at plugily.projects.thebridge.arena.Arena.teleportToLobby(Arena.java:593) [thebridge-1.1.4-dev6.jar:?]
	at plugily.projects.thebridge.arena.ArenaManager.joinAttempt(ArenaManager.java:214) [thebridge-1.1.4-dev6.jar:?]
	at plugily.projects.thebridge.commands.arguments.game.JoinArguments$1.execute(JoinArguments.java:110) [thebridge-1.1.4-dev6.jar:?]
	at plugily.projects.thebridge.commands.arguments.ArgumentsRegistry.onCommand(ArgumentsRegistry.java:159) [thebridge-1.1.4-dev6.jar:?]
	at org.bukkit.command.PluginCommand.execute(PluginCommand.java:45) [patched.jar:git-PaperSpigot-"4c7641d"]
	at org.bukkit.command.SimpleCommandMap.dispatch(SimpleCommandMap.java:146) [patched.jar:git-PaperSpigot-"4c7641d"]
	at org.bukkit.craftbukkit.v1_8_R3.CraftServer.dispatchCommand(CraftServer.java:666) [patched.jar:git-PaperSpigot-"4c7641d"]
	at net.minecraft.server.v1_8_R3.PlayerConnection.handleCommand(PlayerConnection.java:1189) [patched.jar:git-PaperSpigot-"4c7641d"]
	at net.minecraft.server.v1_8_R3.PlayerConnection.chat(PlayerConnection.java:1105) [patched.jar:git-PaperSpigot-"4c7641d"]
	at org.bukkit.craftbukkit.v1_8_R3.entity.CraftPlayer.chat(CraftPlayer.java:334) [patched.jar:git-PaperSpigot-"4c7641d"]
	at net.citizensnpcs.trait.CommandTrait$NPCCommand.run(CommandTrait.java:457) [Citizens-2.0.28-b2398.jar:?]
	at net.citizensnpcs.trait.CommandTrait$1$3.run(CommandTrait.java:257) [Citizens-2.0.28-b2398.jar:?]
	at net.citizensnpcs.trait.CommandTrait$1.runCommand(CommandTrait.java:262) [Citizens-2.0.28-b2398.jar:?]
	at net.citizensnpcs.trait.CommandTrait$1.run(CommandTrait.java:228) [Citizens-2.0.28-b2398.jar:?]
	at net.citizensnpcs.trait.CommandTrait.dispatch(CommandTrait.java:269) [Citizens-2.0.28-b2398.jar:?]
	at net.citizensnpcs.EventListen.onPlayerInteractEntity(EventListen.java:498) [Citizens-2.0.28-b2398.jar:?]
	at sun.reflect.NativeMethodAccessorImpl.invoke0(Native Method) ~[?:1.8.0_312]
	at sun.reflect.NativeMethodAccessorImpl.invoke(NativeMethodAccessorImpl.java:62) ~[?:1.8.0_312]
	at sun.reflect.DelegatingMethodAccessorImpl.invoke(DelegatingMethodAccessorImpl.java:43) ~[?:1.8.0_312]
	at java.lang.reflect.Method.invoke(Method.java:498) ~[?:1.8.0_312]
	at org.bukkit.plugin.java.JavaPluginLoader$1.execute(JavaPluginLoader.java:300) [patched.jar:git-PaperSpigot-"4c7641d"]
	at co.aikar.timings.TimedEventExecutor.execute(TimedEventExecutor.java:78) [patched.jar:git-PaperSpigot-"4c7641d"]
	at org.bukkit.plugin.RegisteredListener.callEvent(RegisteredListener.java:62) [patched.jar:git-PaperSpigot-"4c7641d"]
	at org.bukkit.plugin.SimplePluginManager.fireEvent(SimplePluginManager.java:517) [patched.jar:git-PaperSpigot-"4c7641d"]
	at org.bukkit.plugin.SimplePluginManager.callEvent(SimplePluginManager.java:502) [patched.jar:git-PaperSpigot-"4c7641d"]
	at net.minecraft.server.v1_8_R3.PlayerConnection.a(PlayerConnection.java:1342) [patched.jar:git-PaperSpigot-"4c7641d"]
	at net.minecraft.server.v1_8_R3.PacketPlayInUseEntity.a(SourceFile:52) [patched.jar:git-PaperSpigot-"4c7641d"]
	at net.minecraft.server.v1_8_R3.PacketPlayInUseEntity.a(SourceFile:11) [patched.jar:git-PaperSpigot-"4c7641d"]
	at net.minecraft.server.v1_8_R3.PlayerConnectionUtils$1.run(SourceFile:13) [patched.jar:git-PaperSpigot-"4c7641d"]
	at java.util.concurrent.Executors$RunnableAdapter.call(Executors.java:511) [?:1.8.0_312]
	at java.util.concurrent.FutureTask.run(FutureTask.java:266) [?:1.8.0_312]
	at net.minecraft.server.v1_8_R3.SystemUtils.a(SourceFile:44) [patched.jar:git-PaperSpigot-"4c7641d"]
	at net.minecraft.server.v1_8_R3.MinecraftServer.B(MinecraftServer.java:774) [patched.jar:git-PaperSpigot-"4c7641d"]
	at net.minecraft.server.v1_8_R3.DedicatedServer.B(DedicatedServer.java:378) [patched.jar:git-PaperSpigot-"4c7641d"]
	at net.minecraft.server.v1_8_R3.MinecraftServer.A(MinecraftServer.java:713) [patched.jar:git-PaperSpigot-"4c7641d"]
	at net.minecraft.server.v1_8_R3.MinecraftServer.run(MinecraftServer.java:616) [patched.jar:git-PaperSpigot-"4c7641d"]
	at java.lang.Thread.run(Thread.java:748) [?:1.8.0_312]
[20:57:22] [Server thread/ERROR]: Cannot load plugins/Multiverse-Inventories/groups/default/AllanStrat.json
org.bukkit.configuration.InvalidConfigurationException: Invalid JSON detected.
	at com.onarandombox.multiverseinventories.util.JsonConfiguration.loadFromString(JsonConfiguration.java:104) ~[?:?]
	at org.bukkit.configuration.file.FileConfiguration.load(FileConfiguration.java:226) ~[patched.jar:git-PaperSpigot-"4c7641d"]
	at org.bukkit.configuration.file.FileConfiguration.load(FileConfiguration.java:169) ~[patched.jar:git-PaperSpigot-"4c7641d"]
	at com.onarandombox.multiverseinventories.util.JsonConfiguration.<init>(JsonConfiguration.java:184) [Multiverse-Inventories-2.5.jar:?]
	at com.onarandombox.multiverseinventories.util.EncodedJsonConfiguration.<init>(EncodedJsonConfiguration.java:20) [Multiverse-Inventories-2.5.jar:?]
	at com.onarandombox.multiverseinventories.util.data.FlatFilePlayerData.getConfigHandle(FlatFilePlayerData.java:77) [Multiverse-Inventories-2.5.jar:?]
	at com.onarandombox.multiverseinventories.util.data.FlatFilePlayerData.getPlayerData(FlatFilePlayerData.java:269) [Multiverse-Inventories-2.5.jar:?]
	at com.onarandombox.multiverseinventories.WeakProfileContainer.getPlayerData(WeakProfileContainer.java:98) [Multiverse-Inventories-2.5.jar:?]
	at com.onarandombox.multiverseinventories.WeakProfileContainer.getPlayerData(WeakProfileContainer.java:87) [Multiverse-Inventories-2.5.jar:?]
	at com.onarandombox.multiverseinventories.WorldChangeShareHandler.handle(WorldChangeShareHandler.java:46) [Multiverse-Inventories-2.5.jar:?]
	at com.onarandombox.multiverseinventories.ShareHandler.handleSharing(ShareHandler.java:56) [Multiverse-Inventories-2.5.jar:?]
	at com.onarandombox.multiverseinventories.InventoriesListener.playerChangedWorld(InventoriesListener.java:189) [Multiverse-Inventories-2.5.jar:?]
	at sun.reflect.NativeMethodAccessorImpl.invoke0(Native Method) ~[?:1.8.0_312]
	at sun.reflect.NativeMethodAccessorImpl.invoke(NativeMethodAccessorImpl.java:62) ~[?:1.8.0_312]
	at sun.reflect.DelegatingMethodAccessorImpl.invoke(DelegatingMethodAccessorImpl.java:43) ~[?:1.8.0_312]
	at java.lang.reflect.Method.invoke(Method.java:498) ~[?:1.8.0_312]
	at org.bukkit.plugin.java.JavaPluginLoader$1.execute(JavaPluginLoader.java:300) [patched.jar:git-PaperSpigot-"4c7641d"]
	at co.aikar.timings.TimedEventExecutor.execute(TimedEventExecutor.java:78) [patched.jar:git-PaperSpigot-"4c7641d"]
	at org.bukkit.plugin.RegisteredListener.callEvent(RegisteredListener.java:62) [patched.jar:git-PaperSpigot-"4c7641d"]
	at org.bukkit.plugin.SimplePluginManager.fireEvent(SimplePluginManager.java:517) [patched.jar:git-PaperSpigot-"4c7641d"]
	at org.bukkit.plugin.SimplePluginManager.callEvent(SimplePluginManager.java:502) [patched.jar:git-PaperSpigot-"4c7641d"]
	at net.minecraft.server.v1_8_R3.PlayerList.moveToWorld(PlayerList.java:644) [patched.jar:git-PaperSpigot-"4c7641d"]
	at org.bukkit.craftbukkit.v1_8_R3.entity.CraftPlayer.teleport(CraftPlayer.java:568) [patched.jar:git-PaperSpigot-"4c7641d"]
	at org.bukkit.craftbukkit.v1_8_R3.entity.CraftEntity.teleport(CraftEntity.java:236) [patched.jar:git-PaperSpigot-"4c7641d"]
	at plugily.projects.thebridge.arena.Arena.teleportToLobby(Arena.java:593) [thebridge-1.1.4-dev6.jar:?]
	at plugily.projects.thebridge.arena.ArenaManager.joinAttempt(ArenaManager.java:214) [thebridge-1.1.4-dev6.jar:?]
	at plugily.projects.thebridge.commands.arguments.game.JoinArguments$1.execute(JoinArguments.java:110) [thebridge-1.1.4-dev6.jar:?]
	at plugily.projects.thebridge.commands.arguments.ArgumentsRegistry.onCommand(ArgumentsRegistry.java:159) [thebridge-1.1.4-dev6.jar:?]
	at org.bukkit.command.PluginCommand.execute(PluginCommand.java:45) [patched.jar:git-PaperSpigot-"4c7641d"]
	at org.bukkit.command.SimpleCommandMap.dispatch(SimpleCommandMap.java:146) [patched.jar:git-PaperSpigot-"4c7641d"]
	at org.bukkit.craftbukkit.v1_8_R3.CraftServer.dispatchCommand(CraftServer.java:666) [patched.jar:git-PaperSpigot-"4c7641d"]
	at net.minecraft.server.v1_8_R3.PlayerConnection.handleCommand(PlayerConnection.java:1189) [patched.jar:git-PaperSpigot-"4c7641d"]
	at net.minecraft.server.v1_8_R3.PlayerConnection.chat(PlayerConnection.java:1105) [patched.jar:git-PaperSpigot-"4c7641d"]
	at org.bukkit.craftbukkit.v1_8_R3.entity.CraftPlayer.chat(CraftPlayer.java:334) [patched.jar:git-PaperSpigot-"4c7641d"]
	at net.citizensnpcs.trait.CommandTrait$NPCCommand.run(CommandTrait.java:457) [Citizens-2.0.28-b2398.jar:?]
	at net.citizensnpcs.trait.CommandTrait$1$3.run(CommandTrait.java:257) [Citizens-2.0.28-b2398.jar:?]
	at net.citizensnpcs.trait.CommandTrait$1.runCommand(CommandTrait.java:262) [Citizens-2.0.28-b2398.jar:?]
	at net.citizensnpcs.trait.CommandTrait$1.run(CommandTrait.java:228) [Citizens-2.0.28-b2398.jar:?]
	at net.citizensnpcs.trait.CommandTrait.dispatch(CommandTrait.java:269) [Citizens-2.0.28-b2398.jar:?]
	at net.citizensnpcs.EventListen.onPlayerInteractEntity(EventListen.java:498) [Citizens-2.0.28-b2398.jar:?]
	at sun.reflect.NativeMethodAccessorImpl.invoke0(Native Method) ~[?:1.8.0_312]
	at sun.reflect.NativeMethodAccessorImpl.invoke(NativeMethodAccessorImpl.java:62) ~[?:1.8.0_312]
	at sun.reflect.DelegatingMethodAccessorImpl.invoke(DelegatingMethodAccessorImpl.java:43) ~[?:1.8.0_312]
	at java.lang.reflect.Method.invoke(Method.java:498) ~[?:1.8.0_312]
	at org.bukkit.plugin.java.JavaPluginLoader$1.execute(JavaPluginLoader.java:300) [patched.jar:git-PaperSpigot-"4c7641d"]
	at co.aikar.timings.TimedEventExecutor.execute(TimedEventExecutor.java:78) [patched.jar:git-PaperSpigot-"4c7641d"]
	at org.bukkit.plugin.RegisteredListener.callEvent(RegisteredListener.java:62) [patched.jar:git-PaperSpigot-"4c7641d"]
	at org.bukkit.plugin.SimplePluginManager.fireEvent(SimplePluginManager.java:517) [patched.jar:git-PaperSpigot-"4c7641d"]
	at org.bukkit.plugin.SimplePluginManager.callEvent(SimplePluginManager.java:502) [patched.jar:git-PaperSpigot-"4c7641d"]
	at net.minecraft.server.v1_8_R3.PlayerConnection.a(PlayerConnection.java:1342) [patched.jar:git-PaperSpigot-"4c7641d"]
	at net.minecraft.server.v1_8_R3.PacketPlayInUseEntity.a(SourceFile:52) [patched.jar:git-PaperSpigot-"4c7641d"]
	at net.minecraft.server.v1_8_R3.PacketPlayInUseEntity.a(SourceFile:11) [patched.jar:git-PaperSpigot-"4c7641d"]
	at net.minecraft.server.v1_8_R3.PlayerConnectionUtils$1.run(SourceFile:13) [patched.jar:git-PaperSpigot-"4c7641d"]
	at java.util.concurrent.Executors$RunnableAdapter.call(Executors.java:511) [?:1.8.0_312]
	at java.util.concurrent.FutureTask.run(FutureTask.java:266) [?:1.8.0_312]
	at net.minecraft.server.v1_8_R3.SystemUtils.a(SourceFile:44) [patched.jar:git-PaperSpigot-"4c7641d"]
	at net.minecraft.server.v1_8_R3.MinecraftServer.B(MinecraftServer.java:774) [patched.jar:git-PaperSpigot-"4c7641d"]
	at net.minecraft.server.v1_8_R3.DedicatedServer.B(DedicatedServer.java:378) [patched.jar:git-PaperSpigot-"4c7641d"]
	at net.minecraft.server.v1_8_R3.MinecraftServer.A(MinecraftServer.java:713) [patched.jar:git-PaperSpigot-"4c7641d"]
	at net.minecraft.server.v1_8_R3.MinecraftServer.run(MinecraftServer.java:616) [patched.jar:git-PaperSpigot-"4c7641d"]
	at java.lang.Thread.run(Thread.java:748) [?:1.8.0_312]
[20:57:22] [Server thread/ERROR]: Cannot load plugins/Multiverse-Inventories/groups/games/AllanStrat.json
org.bukkit.configuration.InvalidConfigurationException: Invalid JSON detected.
	at com.onarandombox.multiverseinventories.util.JsonConfiguration.loadFromString(JsonConfiguration.java:104) ~[?:?]
	at org.bukkit.configuration.file.FileConfiguration.load(FileConfiguration.java:226) ~[patched.jar:git-PaperSpigot-"4c7641d"]
	at org.bukkit.configuration.file.FileConfiguration.load(FileConfiguration.java:169) ~[patched.jar:git-PaperSpigot-"4c7641d"]
	at com.onarandombox.multiverseinventories.util.JsonConfiguration.<init>(JsonConfiguration.java:184) [Multiverse-Inventories-2.5.jar:?]
	at com.onarandombox.multiverseinventories.util.EncodedJsonConfiguration.<init>(EncodedJsonConfiguration.java:20) [Multiverse-Inventories-2.5.jar:?]
	at com.onarandombox.multiverseinventories.util.data.FlatFilePlayerData.getConfigHandle(FlatFilePlayerData.java:77) [Multiverse-Inventories-2.5.jar:?]
	at com.onarandombox.multiverseinventories.util.data.FlatFilePlayerData.getPlayerData(FlatFilePlayerData.java:269) [Multiverse-Inventories-2.5.jar:?]
	at com.onarandombox.multiverseinventories.WeakProfileContainer.getPlayerData(WeakProfileContainer.java:98) [Multiverse-Inventories-2.5.jar:?]
	at com.onarandombox.multiverseinventories.WeakProfileContainer.getPlayerData(WeakProfileContainer.java:87) [Multiverse-Inventories-2.5.jar:?]
	at com.onarandombox.multiverseinventories.WorldChangeShareHandler.handle(WorldChangeShareHandler.java:71) [Multiverse-Inventories-2.5.jar:?]
	at com.onarandombox.multiverseinventories.ShareHandler.handleSharing(ShareHandler.java:56) [Multiverse-Inventories-2.5.jar:?]
	at com.onarandombox.multiverseinventories.InventoriesListener.playerChangedWorld(InventoriesListener.java:189) [Multiverse-Inventories-2.5.jar:?]
	at sun.reflect.NativeMethodAccessorImpl.invoke0(Native Method) ~[?:1.8.0_312]
	at sun.reflect.NativeMethodAccessorImpl.invoke(NativeMethodAccessorImpl.java:62) ~[?:1.8.0_312]
	at sun.reflect.DelegatingMethodAccessorImpl.invoke(DelegatingMethodAccessorImpl.java:43) ~[?:1.8.0_312]
	at java.lang.reflect.Method.invoke(Method.java:498) ~[?:1.8.0_312]
	at org.bukkit.plugin.java.JavaPluginLoader$1.execute(JavaPluginLoader.java:300) [patched.jar:git-PaperSpigot-"4c7641d"]
	at co.aikar.timings.TimedEventExecutor.execute(TimedEventExecutor.java:78) [patched.jar:git-PaperSpigot-"4c7641d"]
	at org.bukkit.plugin.RegisteredListener.callEvent(RegisteredListener.java:62) [patched.jar:git-PaperSpigot-"4c7641d"]
	at org.bukkit.plugin.SimplePluginManager.fireEvent(SimplePluginManager.java:517) [patched.jar:git-PaperSpigot-"4c7641d"]
	at org.bukkit.plugin.SimplePluginManager.callEvent(SimplePluginManager.java:502) [patched.jar:git-PaperSpigot-"4c7641d"]
	at net.minecraft.server.v1_8_R3.PlayerList.moveToWorld(PlayerList.java:644) [patched.jar:git-PaperSpigot-"4c7641d"]
	at org.bukkit.craftbukkit.v1_8_R3.entity.CraftPlayer.teleport(CraftPlayer.java:568) [patched.jar:git-PaperSpigot-"4c7641d"]
	at org.bukkit.craftbukkit.v1_8_R3.entity.CraftEntity.teleport(CraftEntity.java:236) [patched.jar:git-PaperSpigot-"4c7641d"]
	at plugily.projects.thebridge.arena.Arena.teleportToLobby(Arena.java:593) [thebridge-1.1.4-dev6.jar:?]
	at plugily.projects.thebridge.arena.ArenaManager.joinAttempt(ArenaManager.java:214) [thebridge-1.1.4-dev6.jar:?]
	at plugily.projects.thebridge.commands.arguments.game.JoinArguments$1.execute(JoinArguments.java:110) [thebridge-1.1.4-dev6.jar:?]
	at plugily.projects.thebridge.commands.arguments.ArgumentsRegistry.onCommand(ArgumentsRegistry.java:159) [thebridge-1.1.4-dev6.jar:?]
	at org.bukkit.command.PluginCommand.execute(PluginCommand.java:45) [patched.jar:git-PaperSpigot-"4c7641d"]
	at org.bukkit.command.SimpleCommandMap.dispatch(SimpleCommandMap.java:146) [patched.jar:git-PaperSpigot-"4c7641d"]
	at org.bukkit.craftbukkit.v1_8_R3.CraftServer.dispatchCommand(CraftServer.java:666) [patched.jar:git-PaperSpigot-"4c7641d"]
	at net.minecraft.server.v1_8_R3.PlayerConnection.handleCommand(PlayerConnection.java:1189) [patched.jar:git-PaperSpigot-"4c7641d"]
	at net.minecraft.server.v1_8_R3.PlayerConnection.chat(PlayerConnection.java:1105) [patched.jar:git-PaperSpigot-"4c7641d"]
	at org.bukkit.craftbukkit.v1_8_R3.entity.CraftPlayer.chat(CraftPlayer.java:334) [patched.jar:git-PaperSpigot-"4c7641d"]
	at net.citizensnpcs.trait.CommandTrait$NPCCommand.run(CommandTrait.java:457) [Citizens-2.0.28-b2398.jar:?]
	at net.citizensnpcs.trait.CommandTrait$1$3.run(CommandTrait.java:257) [Citizens-2.0.28-b2398.jar:?]
	at net.citizensnpcs.trait.CommandTrait$1.runCommand(CommandTrait.java:262) [Citizens-2.0.28-b2398.jar:?]
	at net.citizensnpcs.trait.CommandTrait$1.run(CommandTrait.java:228) [Citizens-2.0.28-b2398.jar:?]
	at net.citizensnpcs.trait.CommandTrait.dispatch(CommandTrait.java:269) [Citizens-2.0.28-b2398.jar:?]
	at net.citizensnpcs.EventListen.onPlayerInteractEntity(EventListen.java:498) [Citizens-2.0.28-b2398.jar:?]
	at sun.reflect.NativeMethodAccessorImpl.invoke0(Native Method) ~[?:1.8.0_312]
	at sun.reflect.NativeMethodAccessorImpl.invoke(NativeMethodAccessorImpl.java:62) ~[?:1.8.0_312]
	at sun.reflect.DelegatingMethodAccessorImpl.invoke(DelegatingMethodAccessorImpl.java:43) ~[?:1.8.0_312]
	at java.lang.reflect.Method.invoke(Method.java:498) ~[?:1.8.0_312]
	at org.bukkit.plugin.java.JavaPluginLoader$1.execute(JavaPluginLoader.java:300) [patched.jar:git-PaperSpigot-"4c7641d"]
	at co.aikar.timings.TimedEventExecutor.execute(TimedEventExecutor.java:78) [patched.jar:git-PaperSpigot-"4c7641d"]
	at org.bukkit.plugin.RegisteredListener.callEvent(RegisteredListener.java:62) [patched.jar:git-PaperSpigot-"4c7641d"]
	at org.bukkit.plugin.SimplePluginManager.fireEvent(SimplePluginManager.java:517) [patched.jar:git-PaperSpigot-"4c7641d"]
	at org.bukkit.plugin.SimplePluginManager.callEvent(SimplePluginManager.java:502) [patched.jar:git-PaperSpigot-"4c7641d"]
	at net.minecraft.server.v1_8_R3.PlayerConnection.a(PlayerConnection.java:1342) [patched.jar:git-PaperSpigot-"4c7641d"]
	at net.minecraft.server.v1_8_R3.PacketPlayInUseEntity.a(SourceFile:52) [patched.jar:git-PaperSpigot-"4c7641d"]
	at net.minecraft.server.v1_8_R3.PacketPlayInUseEntity.a(SourceFile:11) [patched.jar:git-PaperSpigot-"4c7641d"]
	at net.minecraft.server.v1_8_R3.PlayerConnectionUtils$1.run(SourceFile:13) [patched.jar:git-PaperSpigot-"4c7641d"]
	at java.util.concurrent.Executors$RunnableAdapter.call(Executors.java:511) [?:1.8.0_312]
	at java.util.concurrent.FutureTask.run(FutureTask.java:266) [?:1.8.0_312]
	at net.minecraft.server.v1_8_R3.SystemUtils.a(SourceFile:44) [patched.jar:git-PaperSpigot-"4c7641d"]
	at net.minecraft.server.v1_8_R3.MinecraftServer.B(MinecraftServer.java:774) [patched.jar:git-PaperSpigot-"4c7641d"]
	at net.minecraft.server.v1_8_R3.DedicatedServer.B(DedicatedServer.java:378) [patched.jar:git-PaperSpigot-"4c7641d"]
	at net.minecraft.server.v1_8_R3.MinecraftServer.A(MinecraftServer.java:713) [patched.jar:git-PaperSpigot-"4c7641d"]
	at net.minecraft.server.v1_8_R3.MinecraftServer.run(MinecraftServer.java:616) [patched.jar:git-PaperSpigot-"4c7641d"]
	at java.lang.Thread.run(Thread.java:748) [?:1.8.0_312]
[20:57:22] [MV-Inv Profile Write Thread/ERROR]: Cannot load plugins/Multiverse-Inventories/worlds/thebridge_world/AllanStrat.json
org.bukkit.configuration.InvalidConfigurationException: Invalid JSON detected.
	at com.onarandombox.multiverseinventories.util.JsonConfiguration.loadFromString(JsonConfiguration.java:104) ~[?:?]
	at org.bukkit.configuration.file.FileConfiguration.load(FileConfiguration.java:226) ~[patched.jar:git-PaperSpigot-"4c7641d"]
	at org.bukkit.configuration.file.FileConfiguration.load(FileConfiguration.java:169) ~[patched.jar:git-PaperSpigot-"4c7641d"]
	at com.onarandombox.multiverseinventories.util.JsonConfiguration.<init>(JsonConfiguration.java:184) [Multiverse-Inventories-2.5.jar:?]
	at com.onarandombox.multiverseinventories.util.EncodedJsonConfiguration.<init>(EncodedJsonConfiguration.java:20) [Multiverse-Inventories-2.5.jar:?]
	at com.onarandombox.multiverseinventories.util.data.FlatFilePlayerData.getConfigHandle(FlatFilePlayerData.java:77) [Multiverse-Inventories-2.5.jar:?]
	at com.onarandombox.multiverseinventories.util.data.FlatFilePlayerData.processProfileWrite(FlatFilePlayerData.java:240) [Multiverse-Inventories-2.5.jar:?]
	at com.onarandombox.multiverseinventories.util.data.FlatFilePlayerData.access$000(FlatFilePlayerData.java:30) [Multiverse-Inventories-2.5.jar:?]
	at com.onarandombox.multiverseinventories.util.data.FlatFilePlayerData$FileWriteThread.run(FlatFilePlayerData.java:209) [Multiverse-Inventories-2.5.jar:?]
[20:57:22] [MV-Inv Profile Write Thread/ERROR]: Cannot load plugins/Multiverse-Inventories/groups/default/AllanStrat.json
org.bukkit.configuration.InvalidConfigurationException: Invalid JSON detected.
	at com.onarandombox.multiverseinventories.util.JsonConfiguration.loadFromString(JsonConfiguration.java:104) ~[?:?]
	at org.bukkit.configuration.file.FileConfiguration.load(FileConfiguration.java:226) ~[patched.jar:git-PaperSpigot-"4c7641d"]
	at org.bukkit.configuration.file.FileConfiguration.load(FileConfiguration.java:169) ~[patched.jar:git-PaperSpigot-"4c7641d"]
	at com.onarandombox.multiverseinventories.util.JsonConfiguration.<init>(JsonConfiguration.java:184) [Multiverse-Inventories-2.5.jar:?]
	at com.onarandombox.multiverseinventories.util.EncodedJsonConfiguration.<init>(EncodedJsonConfiguration.java:20) [Multiverse-Inventories-2.5.jar:?]
	at com.onarandombox.multiverseinventories.util.data.FlatFilePlayerData.getConfigHandle(FlatFilePlayerData.java:77) [Multiverse-Inventories-2.5.jar:?]
	at com.onarandombox.multiverseinventories.util.data.FlatFilePlayerData.processProfileWrite(FlatFilePlayerData.java:240) [Multiverse-Inventories-2.5.jar:?]
	at com.onarandombox.multiverseinventories.util.data.FlatFilePlayerData.access$000(FlatFilePlayerData.java:30) [Multiverse-Inventories-2.5.jar:?]
	at com.onarandombox.multiverseinventories.util.data.FlatFilePlayerData$FileWriteThread.run(FlatFilePlayerData.java:209) [Multiverse-Inventories-2.5.jar:?]
[20:57:41] [Server thread/ERROR]: Cannot load plugins/Multiverse-Inventories/worlds/arenas_world/AllanStrat.json
org.bukkit.configuration.InvalidConfigurationException: Invalid JSON detected.
	at com.onarandombox.multiverseinventories.util.JsonConfiguration.loadFromString(JsonConfiguration.java:104) ~[?:?]
	at org.bukkit.configuration.file.FileConfiguration.load(FileConfiguration.java:226) ~[patched.jar:git-PaperSpigot-"4c7641d"]
	at org.bukkit.configuration.file.FileConfiguration.load(FileConfiguration.java:169) ~[patched.jar:git-PaperSpigot-"4c7641d"]
	at com.onarandombox.multiverseinventories.util.JsonConfiguration.<init>(JsonConfiguration.java:184) [Multiverse-Inventories-2.5.jar:?]
	at com.onarandombox.multiverseinventories.util.EncodedJsonConfiguration.<init>(EncodedJsonConfiguration.java:20) [Multiverse-Inventories-2.5.jar:?]
	at com.onarandombox.multiverseinventories.util.data.FlatFilePlayerData.getConfigHandle(FlatFilePlayerData.java:77) [Multiverse-Inventories-2.5.jar:?]
	at com.onarandombox.multiverseinventories.util.data.FlatFilePlayerData.getPlayerData(FlatFilePlayerData.java:269) [Multiverse-Inventories-2.5.jar:?]
	at com.onarandombox.multiverseinventories.WeakProfileContainer.getPlayerData(WeakProfileContainer.java:98) [Multiverse-Inventories-2.5.jar:?]
	at com.onarandombox.multiverseinventories.WeakProfileContainer.getPlayerData(WeakProfileContainer.java:87) [Multiverse-Inventories-2.5.jar:?]
	at com.onarandombox.multiverseinventories.WorldChangeShareHandler.handle(WorldChangeShareHandler.java:33) [Multiverse-Inventories-2.5.jar:?]
	at com.onarandombox.multiverseinventories.ShareHandler.handleSharing(ShareHandler.java:56) [Multiverse-Inventories-2.5.jar:?]
	at com.onarandombox.multiverseinventories.InventoriesListener.playerChangedWorld(InventoriesListener.java:189) [Multiverse-Inventories-2.5.jar:?]
	at sun.reflect.NativeMethodAccessorImpl.invoke0(Native Method) ~[?:1.8.0_312]
	at sun.reflect.NativeMethodAccessorImpl.invoke(NativeMethodAccessorImpl.java:62) ~[?:1.8.0_312]
	at sun.reflect.DelegatingMethodAccessorImpl.invoke(DelegatingMethodAccessorImpl.java:43) ~[?:1.8.0_312]
	at java.lang.reflect.Method.invoke(Method.java:498) ~[?:1.8.0_312]
	at org.bukkit.plugin.java.JavaPluginLoader$1.execute(JavaPluginLoader.java:300) [patched.jar:git-PaperSpigot-"4c7641d"]
	at co.aikar.timings.TimedEventExecutor.execute(TimedEventExecutor.java:78) [patched.jar:git-PaperSpigot-"4c7641d"]
	at org.bukkit.plugin.RegisteredListener.callEvent(RegisteredListener.java:62) [patched.jar:git-PaperSpigot-"4c7641d"]
	at org.bukkit.plugin.SimplePluginManager.fireEvent(SimplePluginManager.java:517) [patched.jar:git-PaperSpigot-"4c7641d"]
	at org.bukkit.plugin.SimplePluginManager.callEvent(SimplePluginManager.java:502) [patched.jar:git-PaperSpigot-"4c7641d"]
	at net.minecraft.server.v1_8_R3.PlayerList.moveToWorld(PlayerList.java:644) [patched.jar:git-PaperSpigot-"4c7641d"]
	at org.bukkit.craftbukkit.v1_8_R3.entity.CraftPlayer.teleport(CraftPlayer.java:568) [patched.jar:git-PaperSpigot-"4c7641d"]
	at org.bukkit.craftbukkit.v1_8_R3.entity.CraftEntity.teleport(CraftEntity.java:236) [patched.jar:git-PaperSpigot-"4c7641d"]
	at plugily.projects.thebridge.arena.Arena.teleportToEndLocation(Arena.java:807) [thebridge-1.1.4-dev6.jar:?]
	at plugily.projects.thebridge.arena.ArenaManager.leaveAttempt(ArenaManager.java:269) [thebridge-1.1.4-dev6.jar:?]
	at plugily.projects.thebridge.events.Events.onSpecialItem(Events.java:159) [thebridge-1.1.4-dev6.jar:?]
	at sun.reflect.NativeMethodAccessorImpl.invoke0(Native Method) ~[?:1.8.0_312]
	at sun.reflect.NativeMethodAccessorImpl.invoke(NativeMethodAccessorImpl.java:62) ~[?:1.8.0_312]
	at sun.reflect.DelegatingMethodAccessorImpl.invoke(DelegatingMethodAccessorImpl.java:43) ~[?:1.8.0_312]
	at java.lang.reflect.Method.invoke(Method.java:498) ~[?:1.8.0_312]
	at org.bukkit.plugin.java.JavaPluginLoader$1.execute(JavaPluginLoader.java:300) [patched.jar:git-PaperSpigot-"4c7641d"]
	at co.aikar.timings.TimedEventExecutor.execute(TimedEventExecutor.java:78) [patched.jar:git-PaperSpigot-"4c7641d"]
	at org.bukkit.plugin.RegisteredListener.callEvent(RegisteredListener.java:62) [patched.jar:git-PaperSpigot-"4c7641d"]
	at org.bukkit.plugin.SimplePluginManager.fireEvent(SimplePluginManager.java:517) [patched.jar:git-PaperSpigot-"4c7641d"]
	at org.bukkit.plugin.SimplePluginManager.callEvent(SimplePluginManager.java:502) [patched.jar:git-PaperSpigot-"4c7641d"]
	at plugily.projects.thebridge.commonsbox.minecraft.compat.events.LegacyEvents.onPlayerInteractEvent(LegacyEvents.java:54) [thebridge-1.1.4-dev6.jar:?]
	at sun.reflect.NativeMethodAccessorImpl.invoke0(Native Method) ~[?:1.8.0_312]
	at sun.reflect.NativeMethodAccessorImpl.invoke(NativeMethodAccessorImpl.java:62) ~[?:1.8.0_312]
	at sun.reflect.DelegatingMethodAccessorImpl.invoke(DelegatingMethodAccessorImpl.java:43) ~[?:1.8.0_312]
	at java.lang.reflect.Method.invoke(Method.java:498) ~[?:1.8.0_312]
	at org.bukkit.plugin.java.JavaPluginLoader$1.execute(JavaPluginLoader.java:300) [patched.jar:git-PaperSpigot-"4c7641d"]
	at co.aikar.timings.TimedEventExecutor.execute(TimedEventExecutor.java:78) [patched.jar:git-PaperSpigot-"4c7641d"]
	at org.bukkit.plugin.RegisteredListener.callEvent(RegisteredListener.java:62) [patched.jar:git-PaperSpigot-"4c7641d"]
	at org.bukkit.plugin.SimplePluginManager.fireEvent(SimplePluginManager.java:517) [patched.jar:git-PaperSpigot-"4c7641d"]
	at org.bukkit.plugin.SimplePluginManager.callEvent(SimplePluginManager.java:502) [patched.jar:git-PaperSpigot-"4c7641d"]
	at org.bukkit.craftbukkit.v1_8_R3.event.CraftEventFactory.callPlayerInteractEvent(CraftEventFactory.java:228) [patched.jar:git-PaperSpigot-"4c7641d"]
	at org.bukkit.craftbukkit.v1_8_R3.event.CraftEventFactory.callPlayerInteractEvent(CraftEventFactory.java:195) [patched.jar:git-PaperSpigot-"4c7641d"]
	at org.bukkit.craftbukkit.v1_8_R3.event.CraftEventFactory.callPlayerInteractEvent(CraftEventFactory.java:191) [patched.jar:git-PaperSpigot-"4c7641d"]
	at net.minecraft.server.v1_8_R3.PlayerConnection.a(PlayerConnection.java:721) [patched.jar:git-PaperSpigot-"4c7641d"]
	at net.minecraft.server.v1_8_R3.PacketPlayInBlockPlace.a(PacketPlayInBlockPlace.java:52) [patched.jar:git-PaperSpigot-"4c7641d"]
	at net.minecraft.server.v1_8_R3.PacketPlayInBlockPlace.a(PacketPlayInBlockPlace.java:1) [patched.jar:git-PaperSpigot-"4c7641d"]
	at net.minecraft.server.v1_8_R3.PlayerConnectionUtils$1.run(SourceFile:13) [patched.jar:git-PaperSpigot-"4c7641d"]
	at java.util.concurrent.Executors$RunnableAdapter.call(Executors.java:511) [?:1.8.0_312]
	at java.util.concurrent.FutureTask.run(FutureTask.java:266) [?:1.8.0_312]
	at net.minecraft.server.v1_8_R3.SystemUtils.a(SourceFile:44) [patched.jar:git-PaperSpigot-"4c7641d"]
	at net.minecraft.server.v1_8_R3.MinecraftServer.B(MinecraftServer.java:774) [patched.jar:git-PaperSpigot-"4c7641d"]
	at net.minecraft.server.v1_8_R3.DedicatedServer.B(DedicatedServer.java:378) [patched.jar:git-PaperSpigot-"4c7641d"]
	at net.minecraft.server.v1_8_R3.MinecraftServer.A(MinecraftServer.java:713) [patched.jar:git-PaperSpigot-"4c7641d"]
	at net.minecraft.server.v1_8_R3.MinecraftServer.run(MinecraftServer.java:616) [patched.jar:git-PaperSpigot-"4c7641d"]
	at java.lang.Thread.run(Thread.java:748) [?:1.8.0_312]
[20:57:41] [MV-Inv Profile Write Thread/ERROR]: Cannot load plugins/Multiverse-Inventories/worlds/arenas_world/AllanStrat.json
org.bukkit.configuration.InvalidConfigurationException: Invalid JSON detected.
	at com.onarandombox.multiverseinventories.util.JsonConfiguration.loadFromString(JsonConfiguration.java:104) ~[?:?]
	at org.bukkit.configuration.file.FileConfiguration.load(FileConfiguration.java:226) ~[patched.jar:git-PaperSpigot-"4c7641d"]
	at org.bukkit.configuration.file.FileConfiguration.load(FileConfiguration.java:169) ~[patched.jar:git-PaperSpigot-"4c7641d"]
	at com.onarandombox.multiverseinventories.util.JsonConfiguration.<init>(JsonConfiguration.java:184) [Multiverse-Inventories-2.5.jar:?]
	at com.onarandombox.multiverseinventories.util.EncodedJsonConfiguration.<init>(EncodedJsonConfiguration.java:20) [Multiverse-Inventories-2.5.jar:?]
	at com.onarandombox.multiverseinventories.util.data.FlatFilePlayerData.getConfigHandle(FlatFilePlayerData.java:77) [Multiverse-Inventories-2.5.jar:?]
	at com.onarandombox.multiverseinventories.util.data.FlatFilePlayerData.processProfileWrite(FlatFilePlayerData.java:240) [Multiverse-Inventories-2.5.jar:?]
	at com.onarandombox.multiverseinventories.util.data.FlatFilePlayerData.access$000(FlatFilePlayerData.java:30) [Multiverse-Inventories-2.5.jar:?]
	at com.onarandombox.multiverseinventories.util.data.FlatFilePlayerData$FileWriteThread.run(FlatFilePlayerData.java:209) [Multiverse-Inventories-2.5.jar:?]
[20:57:41] [MV-Inv Profile Write Thread/ERROR]: Cannot load plugins/Multiverse-Inventories/groups/games/AllanStrat.json
org.bukkit.configuration.InvalidConfigurationException: Invalid JSON detected.
	at com.onarandombox.multiverseinventories.util.JsonConfiguration.loadFromString(JsonConfiguration.java:104) ~[?:?]
	at org.bukkit.configuration.file.FileConfiguration.load(FileConfiguration.java:226) ~[patched.jar:git-PaperSpigot-"4c7641d"]
	at org.bukkit.configuration.file.FileConfiguration.load(FileConfiguration.java:169) ~[patched.jar:git-PaperSpigot-"4c7641d"]
	at com.onarandombox.multiverseinventories.util.JsonConfiguration.<init>(JsonConfiguration.java:184) [Multiverse-Inventories-2.5.jar:?]
	at com.onarandombox.multiverseinventories.util.EncodedJsonConfiguration.<init>(EncodedJsonConfiguration.java:20) [Multiverse-Inventories-2.5.jar:?]
	at com.onarandombox.multiverseinventories.util.data.FlatFilePlayerData.getConfigHandle(FlatFilePlayerData.java:77) [Multiverse-Inventories-2.5.jar:?]
	at com.onarandombox.multiverseinventories.util.data.FlatFilePlayerData.processProfileWrite(FlatFilePlayerData.java:240) [Multiverse-Inventories-2.5.jar:?]
	at com.onarandombox.multiverseinventories.util.data.FlatFilePlayerData.access$000(FlatFilePlayerData.java:30) [Multiverse-Inventories-2.5.jar:?]
	at com.onarandombox.multiverseinventories.util.data.FlatFilePlayerData$FileWriteThread.run(FlatFilePlayerData.java:209) [Multiverse-Inventories-2.5.jar:?]
[20:57:45] [Server thread/INFO]: AllanStrat issued server command: /tb edit
[20:57:48] [Server thread/INFO]: AllanStrat issued server command: /tb temple tedit
[20:57:53] [Server thread/INFO]: AllanStrat issued server command: /tp Festival edit
[20:57:57] [Server thread/INFO]: AllanStrat issued server command: /tb Festival edit
[20:58:16] [Server thread/INFO]: AllanStrat issued server command: /tb arenas
[20:58:24] [Server thread/INFO]: AllanStrat issued server command: /tb Temple edit
[20:58:38] [Server thread/INFO]: AllanStrat issued server command: /tb Hall edit
[20:58:44] [Server thread/INFO]: Saving...
[20:58:44] [Server thread/INFO]: Saved the world
[20:58:44] [Server thread/INFO]: Stopping the server
[20:58:44] [Server thread/INFO]: Stopping server
[20:58:44] [Server thread/INFO]: [CrateReloaded] Disabling CrateReloaded v2.0.24
[20:58:44] [Server thread/INFO]: [EssentialsSpawn] Disabling EssentialsSpawn v2.19.0
[20:58:44] [Server thread/INFO]: [ItemJoin] Disabling ItemJoin v5.2.2-RELEASE-b734
[20:58:44] [Server thread/INFO]: [TAB] Disabling TAB v2.9.2
[20:58:44] [Server thread/INFO]: [TAB] Disabled in 1ms
[20:58:44] [Server thread/INFO]: [HolographicPlaceholders] Disabling HolographicPlaceholders v2.1.2 Stable
[20:58:44] [Server thread/INFO]: [HPE] Disabled: BalTop
[20:58:44] [Server thread/INFO]: [HPE] Disabled: PlaceholderAPI
[20:58:44] [Server thread/INFO]: [HPE] Disabled: MultiPlaceholders
[20:58:44] [Server thread/INFO]: [HPE] Disabled: ProtocolLib
[20:58:44] [Server thread/INFO]: [EssentialsChat] Disabling EssentialsChat v2.19.0
[20:58:44] [Server thread/INFO]: [BossShopPro] Disabling BossShopPro v1.9.8
[20:58:44] [Server thread/INFO]: [BossShopPro] Disabling... bye!
[20:58:44] [Server thread/INFO]: [Citizens] Disabling Citizens v2.0.28-SNAPSHOT (build 2398)
[20:58:44] [Server thread/INFO]: [HolographicDisplays] Disabling HolographicDisplays v2.4.9
[20:58:44] [Server thread/INFO]: [GadgetsMenu] Disabling GadgetsMenu v4.5.4
[20:58:44] [Server thread/INFO]: [GadgetsMenu] SQLite database connection has been closed.
[20:58:44] [Server thread/INFO]: [Essentials] Disabling Essentials v2.19.0
[20:58:44] [Server thread/INFO]: [Vault] [Economy] Essentials Economy unhooked.
[20:58:44] [Server thread/INFO]: [ServerListPlus] Disabling ServerListPlus v3.4.8
[20:58:44] [Server thread/INFO]: [ServerListPlus] ServerListPlus v3.4.8 disabled.
[20:58:44] [Server thread/INFO]: [Vault] Disabling Vault v1.7.3-b131
[20:58:44] [Server thread/INFO]: [ProtocolLib] Disabling ProtocolLib v4.7.0
[20:58:44] [Server thread/INFO]: [WorldGuard] Disabling WorldGuard v6.1.3-SNAPSHOT;c904242
[20:58:44] [Server thread/INFO]: [WorldGuard] Shutting down executor and waiting for any pending tasks...
[20:58:44] [Server thread/INFO]: [VoidTeleport] Disabling VoidTeleport v2.3.7
[20:58:44] [Server thread/INFO]: [WorldEdit] Disabling WorldEdit v6.1.7;dd00bb1
[20:58:44] [Server thread/INFO]: [LuckPerms] Disabling LuckPerms v5.3.67
[20:58:44] [Server thread/INFO]: [LuckPerms] Starting shutdown process...
[20:58:44] [Server thread/INFO]: [LuckPerms] Closing storage...
[20:58:45] [Server thread/INFO]: [LuckPerms] Goodbye!
[20:58:45] [Server thread/INFO]: [ViaVersion] Disabling ViaVersion v4.1.1
[20:58:45] [Server thread/INFO]: [ViaVersion] ViaVersion is disabling, if this is a reload and you experience issues consider rebooting.
[20:58:45] [Server thread/INFO]: [Multiverse-Inventories] Disabling Multiverse-Inventories v2.5-b335
[20:58:45] [Server thread/INFO]: [DeluxeTags] Disabling DeluxeTags v1.8.1
[20:58:45] [Server thread/INFO]: [FastAsyncWorldEdit] Disabling FastAsyncWorldEdit v21.03.26-b67f782-1287-22.3.10
[20:58:45] [Server thread/INFO]: [TheBridge] Disabling TheBridge v1.1.4-dev6
[20:58:45] [Server thread/INFO]: [Multiverse-Core] Disabling Multiverse-Core v2.5-b699
[20:58:45] [Server thread/INFO]: [LaggRemover] Disabling LaggRemover v2.0.6
[20:58:45] [Server thread/INFO]: [LaggRemover] LaggRemover has been disabled!
[20:58:45] [Server thread/INFO]: [PlaceholderAPI] Disabling PlaceholderAPI v2.10.10
[20:58:45] [Server thread/INFO]: [VoidGen] Disabling VoidGen v2.0
[20:58:45] [Server thread/INFO]: Saving players
[20:58:45] [Server thread/INFO]: AllanStrat lost connection: Server closed
[20:58:45] [Server thread/INFO]: AllanStrat left the game.
[20:58:45] [Server thread/INFO]: Saving worlds
[20:58:45] [Server thread/INFO]: Saving chunks for level 'thebridge_world'/Overworld
[20:58:45] [Server thread/INFO]: Saving chunks for level 'TB-Forest'/Overworld
[20:58:45] [Server thread/INFO]: Saving chunks for level 'arenas_world'/Overworld
